============================================
PLATFORM_VERSION_CODENAME=REL
PLATFORM_VERSION=7.1.1
CM_VERSION=14.1-20170103-UNOFFICIAL-maxi_lte
TARGET_PRODUCT=cm_maxi_lte
TARGET_BUILD_VARIANT=userdebug
TARGET_BUILD_TYPE=release
TARGET_BUILD_APPS=
TARGET_ARCH=arm64
TARGET_ARCH_VARIANT=armv8-a
TARGET_CPU_VARIANT=cortex-a53
TARGET_2ND_ARCH=arm
TARGET_2ND_ARCH_VARIANT=armv7-a-neon
TARGET_2ND_CPU_VARIANT=cortex-a53
HOST_ARCH=x86_64
HOST_2ND_ARCH=x86
HOST_OS=linux
HOST_OS_EXTRA=Linux-4.4.0-57-generic-x86_64-with-Ubuntu-16.04-xenial
HOST_CROSS_OS=windows
HOST_CROSS_ARCH=x86
HOST_CROSS_2ND_ARCH=x86_64
HOST_BUILD_TYPE=release
BUILD_ID=NMF26Q
OUT_DIR=/home/decker/cm-14.1/out
============================================
find: «src/android»: Нет такого файла или каталога
find: «src»: Нет такого файла или каталога
find: «../commonutil/src»: Нет такого файла или каталога
/bin/bash: строка 0: cd: cts/tests/libcore/ojluni/resources: Нет такого файла или каталога
find: «../../libs/commonutil/src»: Нет такого файла или каталога
build/core/binary.mk:1253: external/compiler-rt/Android.mk: libcompiler_rt: Unused source files: 
 
 
 
 
 

build/core/binary.mk:1253: external/compiler-rt/Android.mk: libcompiler_rt: Unused source files: 

build/core/binary.mk:1253: external/compiler-rt/Android.mk: libcompiler_rt: Unused source files: 
 
 
 

build/core/binary.mk:1253: external/compiler-rt/Android.mk: libcompiler_rt: Unused source files: 
 
 
 

build/core/binary.mk:1253: external/deqp/Android.mk: libdeqp: Unused source files: \
build/core/binary.mk:1253: external/deqp/Android.mk: libdeqp: Unused source files: \
find: «../../provider/java»: Нет такого файла или каталога
build/core/binary.mk:1253: external/pdfium/third_party/pdfiumbigint.mk: libpdfiumbigint: Unused source files: bigint/BigInteger.cc bigint/BigIntegerUtils.cc bigint/BigUnsigned.cc bigint/BigUnsignedInABase.cc
build/core/binary.mk:1253: external/pdfium/third_party/pdfiumbigint.mk: libpdfiumbigint: Unused source files: bigint/BigInteger.cc bigint/BigIntegerUtils.cc bigint/BigUnsigned.cc bigint/BigUnsignedInABase.cc
external/speex/Android.mk:56: TODOArm64: enable neon in libspeex
build/core/package_internal.mk:143: Empty argument supplied to find-subdir-assets
find: «src/android/bluetooth/client/pbap»: Нет такого файла или каталога
find: «/home/decker/cm-14.1/out/target/common/obj/SHARED_LIBRARIES/libwifi-hal-mock_intermediates»: Нет такого файла или каталога
find: «dummy»: Нет такого файла или каталога
build/core/package_internal.mk:143: Empty argument supplied to find-subdir-assets
find: «dummy»: Нет такого файла или каталога
find: «dummy»: Нет такого файла или каталога
find: «dummy»: Нет такого файла или каталога
find: «InCallUI/src-N»: Нет такого файла или каталога
find: «../ContactsCommon/src-N»: Нет такого файла или каталога
find: «../PhoneCommon/src-N»: Нет такого файла или каталога
find: «InCallUI/src-N»: Нет такого файла или каталога
find: «../ContactsCommon/src-N»: Нет такого файла или каталога
find: «../PhoneCommon/src-N»: Нет такого файла или каталога
build/core/java.mk:328: цель «/home/decker/cm-14.1/out/target/common/obj/APPS/Dialer_intermediates/src/src/org/codeaurora/presenceserv/IPresenceService.java» указана несколько раз в одном правиле
build/core/java.mk:328: цель «/home/decker/cm-14.1/out/target/common/obj/APPS/Dialer_intermediates/src/src/org/codeaurora/presenceserv/IPresenceServiceCB.java» указана несколько раз в одном правиле
find: «dummy»: Нет такого файла или каталога
build/core/base_rules.mk:316: предупреждение: переопределение способа для цели «/home/decker/cm-14.1/out/target/product/maxi_lte/root/res/images/charger/battery_fail.png»
build/core/base_rules.mk:316: предупреждение: старый способ для цели «/home/decker/cm-14.1/out/target/product/maxi_lte/root/res/images/charger/battery_fail.png» игнорируются
find: «dummy»: Нет такого файла или каталога
build/core/Makefile:34: предупреждение: переопределение способа для цели «/home/decker/cm-14.1/out/target/product/maxi_lte/system/bin/uiautomator»
build/core/base_rules.mk:316: предупреждение: старый способ для цели «/home/decker/cm-14.1/out/target/product/maxi_lte/system/bin/uiautomator» игнорируются
build/core/Makefile:34: предупреждение: переопределение способа для цели «/home/decker/cm-14.1/out/target/product/maxi_lte/system/bin/pppd»
build/core/base_rules.mk:316: предупреждение: старый способ для цели «/home/decker/cm-14.1/out/target/product/maxi_lte/system/bin/pppd» игнорируются
build/core/Makefile:34: предупреждение: переопределение способа для цели «/home/decker/cm-14.1/out/target/product/maxi_lte/system/lib/libtinycompress.so»
build/core/base_rules.mk:316: предупреждение: старый способ для цели «/home/decker/cm-14.1/out/target/product/maxi_lte/system/lib/libtinycompress.so» игнорируются
build/core/Makefile:34: предупреждение: переопределение способа для цели «/home/decker/cm-14.1/out/target/product/maxi_lte/system/lib64/libtinycompress.so»
build/core/base_rules.mk:316: предупреждение: старый способ для цели «/home/decker/cm-14.1/out/target/product/maxi_lte/system/lib64/libtinycompress.so» игнорируются
build/core/Makefile:34: предупреждение: переопределение способа для цели «/home/decker/cm-14.1/out/target/product/maxi_lte/system/lib/libion.so»
build/core/base_rules.mk:316: предупреждение: старый способ для цели «/home/decker/cm-14.1/out/target/product/maxi_lte/system/lib/libion.so» игнорируются
build/core/Makefile:34: предупреждение: переопределение способа для цели «/home/decker/cm-14.1/out/target/product/maxi_lte/system/lib64/libion.so»
build/core/base_rules.mk:316: предупреждение: старый способ для цели «/home/decker/cm-14.1/out/target/product/maxi_lte/system/lib64/libion.so» игнорируются
build/core/Makefile:34: предупреждение: переопределение способа для цели «/home/decker/cm-14.1/out/target/product/maxi_lte/system/lib/libperfservicenative.so»
build/core/base_rules.mk:316: предупреждение: старый способ для цели «/home/decker/cm-14.1/out/target/product/maxi_lte/system/lib/libperfservicenative.so» игнорируются
build/core/Makefile:34: предупреждение: переопределение способа для цели «/home/decker/cm-14.1/out/target/product/maxi_lte/system/lib64/libperfservicenative.so»
build/core/base_rules.mk:316: предупреждение: старый способ для цели «/home/decker/cm-14.1/out/target/product/maxi_lte/system/lib64/libperfservicenative.so» игнорируются
build/core/Makefile:34: предупреждение: переопределение способа для цели «/home/decker/cm-14.1/out/target/product/maxi_lte/system/lib/libwebrtc_audio_preprocessing.so»
build/core/base_rules.mk:316: предупреждение: старый способ для цели «/home/decker/cm-14.1/out/target/product/maxi_lte/system/lib/libwebrtc_audio_preprocessing.so» игнорируются
build/core/Makefile:34: предупреждение: переопределение способа для цели «/home/decker/cm-14.1/out/target/product/maxi_lte/system/lib64/libwebrtc_audio_preprocessing.so»
build/core/base_rules.mk:316: предупреждение: старый способ для цели «/home/decker/cm-14.1/out/target/product/maxi_lte/system/lib64/libwebrtc_audio_preprocessing.so» игнорируются
build/core/Makefile:34: предупреждение: переопределение способа для цели «/home/decker/cm-14.1/out/target/product/maxi_lte/system/lib/libtinyxml.so»
build/core/base_rules.mk:316: предупреждение: старый способ для цели «/home/decker/cm-14.1/out/target/product/maxi_lte/system/lib/libtinyxml.so» игнорируются
build/core/Makefile:34: предупреждение: переопределение способа для цели «/home/decker/cm-14.1/out/target/product/maxi_lte/system/lib64/libtinyxml.so»
build/core/base_rules.mk:316: предупреждение: старый способ для цели «/home/decker/cm-14.1/out/target/product/maxi_lte/system/lib64/libtinyxml.so» игнорируются
build/core/Makefile:34: предупреждение: переопределение способа для цели «/home/decker/cm-14.1/out/target/product/maxi_lte/system/lib/libtinyalsa.so»
build/core/base_rules.mk:316: предупреждение: старый способ для цели «/home/decker/cm-14.1/out/target/product/maxi_lte/system/lib/libtinyalsa.so» игнорируются
build/core/Makefile:34: предупреждение: переопределение способа для цели «/home/decker/cm-14.1/out/target/product/maxi_lte/system/lib64/libtinyalsa.so»
build/core/base_rules.mk:316: предупреждение: старый способ для цели «/home/decker/cm-14.1/out/target/product/maxi_lte/system/lib64/libtinyalsa.so» игнорируются
build/core/Makefile:34: предупреждение: переопределение способа для цели «/home/decker/cm-14.1/out/target/product/maxi_lte/system/lib/libaudio-resampler.so»
build/core/base_rules.mk:316: предупреждение: старый способ для цели «/home/decker/cm-14.1/out/target/product/maxi_lte/system/lib/libaudio-resampler.so» игнорируются
build/core/Makefile:34: предупреждение: переопределение способа для цели «/home/decker/cm-14.1/out/target/product/maxi_lte/system/lib64/libaudio-resampler.so»
build/core/base_rules.mk:316: предупреждение: старый способ для цели «/home/decker/cm-14.1/out/target/product/maxi_lte/system/lib64/libaudio-resampler.so» игнорируются
build/core/Makefile:34: предупреждение: переопределение способа для цели «/home/decker/cm-14.1/out/target/product/maxi_lte/system/lib/hw/gralloc.default.so»
build/core/base_rules.mk:316: предупреждение: старый способ для цели «/home/decker/cm-14.1/out/target/product/maxi_lte/system/lib/hw/gralloc.default.so» игнорируются
build/core/Makefile:34: предупреждение: переопределение способа для цели «/home/decker/cm-14.1/out/target/product/maxi_lte/system/lib64/hw/gralloc.default.so»
build/core/base_rules.mk:316: предупреждение: старый способ для цели «/home/decker/cm-14.1/out/target/product/maxi_lte/system/lib64/hw/gralloc.default.so» игнорируются
build/core/Makefile:34: предупреждение: переопределение способа для цели «/home/decker/cm-14.1/out/target/product/maxi_lte/system/lib/hw/keystore.default.so»
build/core/base_rules.mk:316: предупреждение: старый способ для цели «/home/decker/cm-14.1/out/target/product/maxi_lte/system/lib/hw/keystore.default.so» игнорируются
build/core/Makefile:34: предупреждение: переопределение способа для цели «/home/decker/cm-14.1/out/target/product/maxi_lte/system/lib64/hw/keystore.default.so»
build/core/base_rules.mk:316: предупреждение: старый способ для цели «/home/decker/cm-14.1/out/target/product/maxi_lte/system/lib64/hw/keystore.default.so» игнорируются
build/core/Makefile:34: предупреждение: переопределение способа для цели «/home/decker/cm-14.1/out/target/product/maxi_lte/system/lib/hw/vibrator.default.so»
build/core/base_rules.mk:316: предупреждение: старый способ для цели «/home/decker/cm-14.1/out/target/product/maxi_lte/system/lib/hw/vibrator.default.so» игнорируются
build/core/Makefile:34: предупреждение: переопределение способа для цели «/home/decker/cm-14.1/out/target/product/maxi_lte/system/lib64/hw/vibrator.default.so»
build/core/base_rules.mk:316: предупреждение: старый способ для цели «/home/decker/cm-14.1/out/target/product/maxi_lte/system/lib64/hw/vibrator.default.so» игнорируются
build/core/Makefile:34: предупреждение: переопределение способа для цели «/home/decker/cm-14.1/out/target/product/maxi_lte/system/lib/hw/local_time.default.so»
build/core/base_rules.mk:316: предупреждение: старый способ для цели «/home/decker/cm-14.1/out/target/product/maxi_lte/system/lib/hw/local_time.default.so» игнорируются
build/core/Makefile:34: предупреждение: переопределение способа для цели «/home/decker/cm-14.1/out/target/product/maxi_lte/system/lib64/hw/local_time.default.so»
build/core/base_rules.mk:316: предупреждение: старый способ для цели «/home/decker/cm-14.1/out/target/product/maxi_lte/system/lib64/hw/local_time.default.so» игнорируются
build/core/Makefile:34: предупреждение: переопределение способа для цели «/home/decker/cm-14.1/out/target/product/maxi_lte/system/lib/hw/power.default.so»
build/core/base_rules.mk:316: предупреждение: старый способ для цели «/home/decker/cm-14.1/out/target/product/maxi_lte/system/lib/hw/power.default.so» игнорируются
build/core/Makefile:34: предупреждение: переопределение способа для цели «/home/decker/cm-14.1/out/target/product/maxi_lte/system/lib64/hw/power.default.so»
build/core/base_rules.mk:316: предупреждение: старый способ для цели «/home/decker/cm-14.1/out/target/product/maxi_lte/system/lib64/hw/power.default.so» игнорируются
build/core/Makefile:34: предупреждение: переопределение способа для цели «/home/decker/cm-14.1/out/target/product/maxi_lte/system/lib/libperfservice.so»
build/core/base_rules.mk:316: предупреждение: старый способ для цели «/home/decker/cm-14.1/out/target/product/maxi_lte/system/lib/libperfservice.so» игнорируются
build/core/Makefile:34: предупреждение: переопределение способа для цели «/home/decker/cm-14.1/out/target/product/maxi_lte/system/lib64/libperfservice.so»
build/core/base_rules.mk:316: предупреждение: старый способ для цели «/home/decker/cm-14.1/out/target/product/maxi_lte/system/lib64/libperfservice.so» игнорируются
build/core/Makefile:34: предупреждение: переопределение способа для цели «/home/decker/cm-14.1/out/target/product/maxi_lte/system/lib/libcurl.so»
build/core/base_rules.mk:316: предупреждение: старый способ для цели «/home/decker/cm-14.1/out/target/product/maxi_lte/system/lib/libcurl.so» игнорируются
build/core/Makefile:34: предупреждение: переопределение способа для цели «/home/decker/cm-14.1/out/target/product/maxi_lte/system/lib64/libcurl.so»
build/core/base_rules.mk:316: предупреждение: старый способ для цели «/home/decker/cm-14.1/out/target/product/maxi_lte/system/lib64/libcurl.so» игнорируются
build/core/Makefile:34: предупреждение: переопределение способа для цели «/home/decker/cm-14.1/out/target/product/maxi_lte/system/vendor/lib/mediadrm/libmockdrmcryptoplugin.so»
build/core/base_rules.mk:316: предупреждение: старый способ для цели «/home/decker/cm-14.1/out/target/product/maxi_lte/system/vendor/lib/mediadrm/libmockdrmcryptoplugin.so» игнорируются
build/core/Makefile:34: предупреждение: переопределение способа для цели «/home/decker/cm-14.1/out/target/product/maxi_lte/system/vendor/lib64/mediadrm/libmockdrmcryptoplugin.so»
build/core/base_rules.mk:316: предупреждение: старый способ для цели «/home/decker/cm-14.1/out/target/product/maxi_lte/system/vendor/lib64/mediadrm/libmockdrmcryptoplugin.so» игнорируются
build/core/Makefile:34: предупреждение: переопределение способа для цели «/home/decker/cm-14.1/out/target/product/maxi_lte/system/vendor/lib/mediadrm/libdrmclearkeyplugin.so»
build/core/base_rules.mk:316: предупреждение: старый способ для цели «/home/decker/cm-14.1/out/target/product/maxi_lte/system/vendor/lib/mediadrm/libdrmclearkeyplugin.so» игнорируются
build/core/Makefile:34: предупреждение: переопределение способа для цели «/home/decker/cm-14.1/out/target/product/maxi_lte/system/vendor/lib64/mediadrm/libdrmclearkeyplugin.so»
build/core/base_rules.mk:316: предупреждение: старый способ для цели «/home/decker/cm-14.1/out/target/product/maxi_lte/system/vendor/lib64/mediadrm/libdrmclearkeyplugin.so» игнорируются
build/core/Makefile:34: предупреждение: переопределение способа для цели «/home/decker/cm-14.1/out/target/product/maxi_lte/system/lib/hw/audio.a2dp.default.so»
build/core/base_rules.mk:316: предупреждение: старый способ для цели «/home/decker/cm-14.1/out/target/product/maxi_lte/system/lib/hw/audio.a2dp.default.so» игнорируются
build/core/Makefile:34: предупреждение: переопределение способа для цели «/home/decker/cm-14.1/out/target/product/maxi_lte/system/lib64/hw/audio.a2dp.default.so»
build/core/base_rules.mk:316: предупреждение: старый способ для цели «/home/decker/cm-14.1/out/target/product/maxi_lte/system/lib64/hw/audio.a2dp.default.so» игнорируются
build/core/Makefile:34: предупреждение: переопределение способа для цели «/home/decker/cm-14.1/out/target/product/maxi_lte/system/lib/hw/audio_policy.stub.so»
build/core/base_rules.mk:316: предупреждение: старый способ для цели «/home/decker/cm-14.1/out/target/product/maxi_lte/system/lib/hw/audio_policy.stub.so» игнорируются
build/core/Makefile:34: предупреждение: переопределение способа для цели «/home/decker/cm-14.1/out/target/product/maxi_lte/system/lib64/hw/audio_policy.stub.so»
build/core/base_rules.mk:316: предупреждение: старый способ для цели «/home/decker/cm-14.1/out/target/product/maxi_lte/system/lib64/hw/audio_policy.stub.so» игнорируются
build/core/Makefile:34: предупреждение: переопределение способа для цели «/home/decker/cm-14.1/out/target/product/maxi_lte/root/init.rc»
build/core/base_rules.mk:316: предупреждение: старый способ для цели «/home/decker/cm-14.1/out/target/product/maxi_lte/root/init.rc» игнорируются
build/core/Makefile:34: предупреждение: переопределение способа для цели «/home/decker/cm-14.1/out/target/product/maxi_lte/system/etc/init/audioserver.rc»
build/core/base_rules.mk:338: предупреждение: старый способ для цели «/home/decker/cm-14.1/out/target/product/maxi_lte/system/etc/init/audioserver.rc» игнорируются
build/core/Makefile:34: предупреждение: переопределение способа для цели «/home/decker/cm-14.1/out/target/product/maxi_lte/system/etc/init/mediacodec.rc»
build/core/base_rules.mk:338: предупреждение: старый способ для цели «/home/decker/cm-14.1/out/target/product/maxi_lte/system/etc/init/mediacodec.rc» игнорируются
build/core/Makefile:34: предупреждение: переопределение способа для цели «/home/decker/cm-14.1/out/target/product/maxi_lte/system/etc/init/cameraserver.rc»
build/core/base_rules.mk:338: предупреждение: старый способ для цели «/home/decker/cm-14.1/out/target/product/maxi_lte/system/etc/init/cameraserver.rc» игнорируются
build/core/Makefile:34: предупреждение: переопределение способа для цели «/home/decker/cm-14.1/out/target/product/maxi_lte/system/etc/init/rild.rc»
build/core/base_rules.mk:338: предупреждение: старый способ для цели «/home/decker/cm-14.1/out/target/product/maxi_lte/system/etc/init/rild.rc» игнорируются
PRODUCT_COPY_FILES system/core/rootdir/init.usb.rc:root/init.usb.rc ignored.
PRODUCT_COPY_FILES system/core/rootdir/ueventd.rc:root/ueventd.rc ignored.
No private recovery resources for TARGET_DEVICE maxi_lte
vendor/cm/build/tasks/kernel.mk:160: ***************************************************************
vendor/cm/build/tasks/kernel.mk:161: * Using prebuilt kernel binary instead of source              *
vendor/cm/build/tasks/kernel.mk:162: * THIS IS DEPRECATED, AND WILL BE DISCONTINUED                *
vendor/cm/build/tasks/kernel.mk:163: * Please configure your device to download the kernel         *
vendor/cm/build/tasks/kernel.mk:164: * source repository to kernel/tele2/maxi_lte
vendor/cm/build/tasks/kernel.mk:165: * See http://wiki.cyanogenmod.org/w/Doc:_integrated_kernel_building
vendor/cm/build/tasks/kernel.mk:166: * for more information                                        *
vendor/cm/build/tasks/kernel.mk:167: ***************************************************************
Generate Toybox links: acpi arp base64 basename blkid blockdev bzcat cal cat chattr chcon chgrp chmod chown chroot chrt cksum clear cmp comm cp cpio cut date dd df diff dirname dmesg dos2unix du echo egrep env expand expr fallocate false fdisk fgrep file find flock free freeramdisk fsfreeze fstype ftpget ftpput getenforce getfattr getprop grep groups head help host hostname hwclock id ifconfig inotifyd insmod install ionice iorenice iotop kill killall ln load_policy log logname losetup ls lsattr lsmod lsof lspci lsusb makedevs md5sum mkdir mkfifo mknod mkswap mktemp modinfo more mount mountpoint mv nbd-client nc netcat netstat nice nl nohup nproc od partprobe paste patch pgrep pidof pivot_root pkill pmap printenv printf ps pwd pwdx readahead readlink realpath renice reset resize restorecon rev rfkill rm rmdir rmmod route runcon sed sendevent seq setenforce setfattr setprop setsid sha1sum sha224sum sha256sum sha384sum sha512sum sleep sort split start stat stop strings swapoff swapon sync sysctl tac tail tar taskset tee telnet test time timeout top touch tr traceroute traceroute6 true truncate tty tunctl ulimit umount uname uniq unix2dos uptime usleep vconfig vmstat watch wc which whoami xargs xxd xzcat yes
Ensure Jack server is installed and started
Jack server already installed in "/home/decker/.jack-server"
Copy: /home/decker/cm-14.1/out/target/product/maxi_lte/system/lib64/libtinyalsa.so
Copy: /home/decker/cm-14.1/out/target/product/maxi_lte/system/bin/pppd
Generate Toybox links: acpi arp base64 basename blkid blockdev bzcat cal cat chattr chcon chgrp chmod chown chroot chrt cksum clear cmp comm cp cpio cut date dd df diff dirname dmesg dos2unix du echo egrep env expand expr fallocate false fdisk fgrep file find flock free freeramdisk fsfreeze fstype ftpget ftpput getenforce getfattr getprop grep groups head help host hostname hwclock id ifconfig inotifyd insmod install ionice iorenice iotop kill killall ln load_policy log logname losetup ls lsattr lsmod lsof lspci lsusb makedevs md5sum mkdir mkfifo mknod mkswap mktemp modinfo more mount mountpoint mv nbd-client nc netcat netstat nice nl nohup nproc od partprobe paste patch pgrep pidof pivot_root pkill pmap printenv printf ps pwd pwdx readahead readlink realpath renice reset resize restorecon rev rfkill rm rmdir rmmod route runcon sed sendevent seq setenforce setfattr setprop setsid sha1sum sha224sum sha256sum sha384sum sha512sum sleep sort split start stat stop strings swapoff swapon sync sysctl tac tail tar taskset tee telnet test time timeout top touch tr traceroute traceroute6 true truncate tty tunctl ulimit umount uname uniq unix2dos uptime usleep vconfig vmstat watch wc which whoami xargs xxd xzcat yes
Server is already running
Copy: /home/decker/cm-14.1/out/target/product/maxi_lte/system/bin/uiautomator
Copy: /home/decker/cm-14.1/out/target/product/maxi_lte/system/lib/libtinyalsa.so
Copy: /home/decker/cm-14.1/out/target/product/maxi_lte/system/lib/hw/gralloc.default.so
Copy: /home/decker/cm-14.1/out/target/product/maxi_lte/system/lib/hw/keystore.default.so
Copy: /home/decker/cm-14.1/out/target/product/maxi_lte/system/lib/hw/local_time.default.so
Copy: /home/decker/cm-14.1/out/target/product/maxi_lte/system/lib/hw/power.default.so
Copy: /home/decker/cm-14.1/out/target/product/maxi_lte/system/lib/hw/vibrator.default.so
Copy: /home/decker/cm-14.1/out/target/product/maxi_lte/system/lib/libcurl.so
Copy: /home/decker/cm-14.1/out/target/product/maxi_lte/system/lib/libperfservicenative.so
Copy: /home/decker/cm-14.1/out/target/product/maxi_lte/system/lib/libwebrtc_audio_preprocessing.so
Copy: /home/decker/cm-14.1/out/target/product/maxi_lte/system/lib64/hw/gralloc.default.so
Copy: /home/decker/cm-14.1/out/target/product/maxi_lte/system/lib64/hw/keystore.default.so
Copy: /home/decker/cm-14.1/out/target/product/maxi_lte/system/lib64/hw/local_time.default.so
Copy: /home/decker/cm-14.1/out/target/product/maxi_lte/system/lib64/hw/power.default.so
Copy: /home/decker/cm-14.1/out/target/product/maxi_lte/system/lib64/hw/vibrator.default.so
Copy: /home/decker/cm-14.1/out/target/product/maxi_lte/system/lib64/libcurl.so
Copy: /home/decker/cm-14.1/out/target/product/maxi_lte/system/lib64/libperfservicenative.so
Copy: /home/decker/cm-14.1/out/target/product/maxi_lte/system/lib64/libwebrtc_audio_preprocessing.so
Copy: /home/decker/cm-14.1/out/target/product/maxi_lte/system/vendor/lib/mediadrm/libdrmclearkeyplugin.so
Copy: /home/decker/cm-14.1/out/target/product/maxi_lte/system/vendor/lib64/mediadrm/libdrmclearkeyplugin.so
Copy: /home/decker/cm-14.1/out/target/product/maxi_lte/system/app/YGPS/YGPS.apk
Copy: /home/decker/cm-14.1/out/target/product/maxi_lte/system/xbin/mnld
Copy: /home/decker/cm-14.1/out/target/product/maxi_lte/system/xbin/BGW
Copy: /home/decker/cm-14.1/out/target/product/maxi_lte/system/bin/mtkrildmd2
Copy: /home/decker/cm-14.1/out/target/product/maxi_lte/system/bin/xlog
Copy: /home/decker/cm-14.1/out/target/product/maxi_lte/system/bin/AcdApiDaemon
Copy: /home/decker/cm-14.1/out/target/product/maxi_lte/system/bin/6620_wmt_lpbk
Copy: /home/decker/cm-14.1/out/target/product/maxi_lte/system/bin/muxreport
Copy: /home/decker/cm-14.1/out/target/product/maxi_lte/system/bin/MtkCodecService
Copy: /home/decker/cm-14.1/out/target/product/maxi_lte/system/bin/msensord
Copy: /home/decker/cm-14.1/out/target/product/maxi_lte/system/bin/mdlogger
Copy: /home/decker/cm-14.1/out/target/product/maxi_lte/system/bin/terservice
Copy: /home/decker/cm-14.1/out/target/product/maxi_lte/system/bin/thermal_manager
Copy: /home/decker/cm-14.1/out/target/product/maxi_lte/system/bin/fsck_msdos_mtk
Copy: /home/decker/cm-14.1/out/target/product/maxi_lte/system/bin/mtkrild
Copy: /home/decker/cm-14.1/out/target/product/maxi_lte/system/bin/thermald
Copy: /home/decker/cm-14.1/out/target/product/maxi_lte/system/bin/memsicd3416x
Copy: /home/decker/cm-14.1/out/target/product/maxi_lte/system/bin/thermal
Copy: /home/decker/cm-14.1/out/target/product/maxi_lte/system/bin/bmm050d
Copy: /home/decker/cm-14.1/out/target/product/maxi_lte/system/bin/nvram_agent_binder
Copy: /home/decker/cm-14.1/out/target/product/maxi_lte/system/bin/ccci_mdinit
Copy: /home/decker/cm-14.1/out/target/product/maxi_lte/system/bin/akmd09911
Copy: /home/decker/cm-14.1/out/target/product/maxi_lte/system/bin/nvram_daemon
Copy: /home/decker/cm-14.1/out/target/product/maxi_lte/system/bin/mc6420d
Copy: /home/decker/cm-14.1/out/target/product/maxi_lte/system/bin/lsm303md
Copy: /home/decker/cm-14.1/out/target/product/maxi_lte/system/bin/6620_wmt_concurrency
Copy: /home/decker/cm-14.1/out/target/product/maxi_lte/system/bin/kpoc_charger
Copy: /home/decker/cm-14.1/out/target/product/maxi_lte/system/bin/wmt_loader
Copy: /home/decker/cm-14.1/out/target/product/maxi_lte/system/bin/md_ctrl
Copy: /home/decker/cm-14.1/out/target/product/maxi_lte/system/bin/lcdc_screen_cap
Copy: /home/decker/cm-14.1/out/target/product/maxi_lte/system/bin/gsm0710muxdmd2
Copy: /home/decker/cm-14.1/out/target/product/maxi_lte/system/bin/akmd8963
Copy: /home/decker/cm-14.1/out/target/product/maxi_lte/system/bin/orientationd
Copy: /home/decker/cm-14.1/out/target/product/maxi_lte/system/bin/program_binary_service
Copy: /home/decker/cm-14.1/out/target/product/maxi_lte/system/bin/guiext-server
Copy: /home/decker/cm-14.1/out/target/product/maxi_lte/system/bin/mtk_agpsd
Copy: /home/decker/cm-14.1/out/target/product/maxi_lte/system/bin/geomagneticd
Copy: /home/decker/cm-14.1/out/target/product/maxi_lte/system/bin/akmd8975
Copy: /home/decker/cm-14.1/out/target/product/maxi_lte/system/bin/6620_launcher
Copy: /home/decker/cm-14.1/out/target/product/maxi_lte/system/bin/ami304d
Copy: /home/decker/cm-14.1/out/target/product/maxi_lte/system/bin/gsm0710muxd
Copy: /home/decker/cm-14.1/out/target/product/maxi_lte/system/bin/aee
Copy: /home/decker/cm-14.1/out/target/product/maxi_lte/system/bin/sn
Copy: /home/decker/cm-14.1/out/target/product/maxi_lte/system/bin/pppd_dt
Copy: /home/decker/cm-14.1/out/target/product/maxi_lte/system/bin/wifi2agps
Copy: /home/decker/cm-14.1/out/target/product/maxi_lte/system/bin/memsicd
Copy: /home/decker/cm-14.1/out/target/product/maxi_lte/system/bin/ccci_fsd
Copy: /home/decker/cm-14.1/out/target/product/maxi_lte/system/bin/s62xd
Copy: /home/decker/cm-14.1/out/target/product/maxi_lte/system/lib/libtinycompress.so
Copy: /home/decker/cm-14.1/out/target/product/maxi_lte/system/lib64/libtinycompress.so
Copy: /home/decker/cm-14.1/out/target/product/maxi_lte/system/lib/libMtkOmxFlacDec.so
Copy: /home/decker/cm-14.1/out/target/product/maxi_lte/system/lib/libcam.camadapter.so
Copy: /home/decker/cm-14.1/out/target/product/maxi_lte/system/lib64/libcam.camadapter.so
Copy: /home/decker/cm-14.1/out/target/product/maxi_lte/system/lib/libcameracustom.so
Copy: /home/decker/cm-14.1/out/target/product/maxi_lte/system/lib64/libcameracustom.so
Copy: /home/decker/cm-14.1/out/target/product/maxi_lte/system/lib/libcamalgo.so
Copy: /home/decker/cm-14.1/out/target/product/maxi_lte/system/lib64/libcamalgo.so
Copy: /home/decker/cm-14.1/out/target/product/maxi_lte/system/lib/libMtkOmxAdpcmEnc.so
Copy: /home/decker/cm-14.1/out/target/product/maxi_lte/system/lib/libcam.exif.v3.so
Copy: /home/decker/cm-14.1/out/target/product/maxi_lte/system/lib64/libcam.exif.v3.so
Copy: /home/decker/cm-14.1/out/target/product/maxi_lte/system/lib/libMtkOmxVdecEx.so
Copy: /home/decker/cm-14.1/out/target/product/maxi_lte/system/lib/libmtkshifter.so
Copy: /home/decker/cm-14.1/out/target/product/maxi_lte/system/lib64/libmtkshifter.so
Copy: /home/decker/cm-14.1/out/target/product/maxi_lte/system/lib/librilmtkmd2.so
Copy: /home/decker/cm-14.1/out/target/product/maxi_lte/system/lib64/librilmtkmd2.so
Copy: /home/decker/cm-14.1/out/target/product/maxi_lte/system/lib/libMtkOmxMp3Dec.so
Copy: /home/decker/cm-14.1/out/target/product/maxi_lte/system/lib/libem_support_jni.so
Copy: /home/decker/cm-14.1/out/target/product/maxi_lte/system/lib64/libem_support_jni.so
Copy: /home/decker/cm-14.1/out/target/product/maxi_lte/system/lib/libaudiodcrflt.so
Copy: /home/decker/cm-14.1/out/target/product/maxi_lte/system/lib64/libaudiodcrflt.so
Copy: /home/decker/cm-14.1/out/target/product/maxi_lte/system/lib/libcam1_utils.so
Copy: /home/decker/cm-14.1/out/target/product/maxi_lte/system/lib64/libcam1_utils.so
Copy: /home/decker/cm-14.1/out/target/product/maxi_lte/system/lib/libm4u.so
Copy: /home/decker/cm-14.1/out/target/product/maxi_lte/system/lib64/libm4u.so
Copy: /home/decker/cm-14.1/out/target/product/maxi_lte/system/lib/libfeatureiodrv.so
Copy: /home/decker/cm-14.1/out/target/product/maxi_lte/system/lib64/libfeatureiodrv.so
Copy: /home/decker/cm-14.1/out/target/product/maxi_lte/system/lib/libem_modem_jni.so
Copy: /home/decker/cm-14.1/out/target/product/maxi_lte/system/lib64/libem_modem_jni.so
Copy: /home/decker/cm-14.1/out/target/product/maxi_lte/system/lib/libvcodec_oal.so
Copy: /home/decker/cm-14.1/out/target/product/maxi_lte/system/lib64/libvcodec_oal.so
Copy: /home/decker/cm-14.1/out/target/product/maxi_lte/system/lib/libcam.utils.sensorlistener.so
Copy: /home/decker/cm-14.1/out/target/product/maxi_lte/system/lib64/libcam.utils.sensorlistener.so
Copy: /home/decker/cm-14.1/out/target/product/maxi_lte/system/lib/libmp4enc_sa.ca7.so
Copy: /home/decker/cm-14.1/out/target/product/maxi_lte/system/lib/libvcodecdrv.so
Copy: /home/decker/cm-14.1/out/target/product/maxi_lte/system/lib64/libvcodecdrv.so
Copy: /home/decker/cm-14.1/out/target/product/maxi_lte/system/lib/libstagefrighthw.so
Copy: /home/decker/cm-14.1/out/target/product/maxi_lte/system/lib64/libstagefrighthw.so
Copy: /home/decker/cm-14.1/out/target/product/maxi_lte/system/lib/libui_ext.so
Copy: /home/decker/cm-14.1/out/target/product/maxi_lte/system/lib64/libui_ext.so
Copy: /home/decker/cm-14.1/out/target/product/maxi_lte/system/lib/libh264enc_sa.ca7.so
Copy: /home/decker/cm-14.1/out/target/product/maxi_lte/system/lib64/libh264enc_sa.ca7.so
Copy: /home/decker/cm-14.1/out/target/product/maxi_lte/system/lib/libion.so
Copy: /home/decker/cm-14.1/out/target/product/maxi_lte/system/lib64/libion.so
Copy: /home/decker/cm-14.1/out/target/product/maxi_lte/system/lib/libfeatureio.so
Copy: /home/decker/cm-14.1/out/target/product/maxi_lte/system/lib64/libfeatureio.so
Copy: /home/decker/cm-14.1/out/target/product/maxi_lte/system/lib/libaudiocomponentengine.so
Copy: /home/decker/cm-14.1/out/target/product/maxi_lte/system/lib64/libaudiocomponentengine.so
Copy: /home/decker/cm-14.1/out/target/product/maxi_lte/system/lib/egl/libGLES_mali.so
Copy: /home/decker/cm-14.1/out/target/product/maxi_lte/system/lib64/egl/libGLES_mali.so
Copy: /home/decker/cm-14.1/out/target/product/maxi_lte/system/lib/libion_mtk.so
Copy: /home/decker/cm-14.1/out/target/product/maxi_lte/system/lib64/libion_mtk.so
Copy: /home/decker/cm-14.1/out/target/product/maxi_lte/system/lib/libem_gpio_jni.so
Copy: /home/decker/cm-14.1/out/target/product/maxi_lte/system/lib64/libem_gpio_jni.so
Copy: /home/decker/cm-14.1/out/target/product/maxi_lte/system/lib/libaudiomtkdcremoval.so
Copy: /home/decker/cm-14.1/out/target/product/maxi_lte/system/lib/libgui_ext.so
Copy: /home/decker/cm-14.1/out/target/product/maxi_lte/system/lib64/libgui_ext.so
Copy: /home/decker/cm-14.1/out/target/product/maxi_lte/system/lib/libgralloc_extra.so
Copy: /home/decker/cm-14.1/out/target/product/maxi_lte/system/lib64/libgralloc_extra.so
Copy: /home/decker/cm-14.1/out/target/product/maxi_lte/system/lib/libmtcloader.so
Copy: /home/decker/cm-14.1/out/target/product/maxi_lte/system/lib/mtk-ril.so
Copy: /home/decker/cm-14.1/out/target/product/maxi_lte/system/lib64/mtk-ril.so
Copy: /home/decker/cm-14.1/out/target/product/maxi_lte/system/lib/libcam_utils.so
Copy: /home/decker/cm-14.1/out/target/product/maxi_lte/system/lib64/libcam_utils.so
Copy: /home/decker/cm-14.1/out/target/product/maxi_lte/system/lib/libdpframework.so
Copy: /home/decker/cm-14.1/out/target/product/maxi_lte/system/lib64/libdpframework.so
Copy: /home/decker/cm-14.1/out/target/product/maxi_lte/system/lib/libbwc.so
Copy: /home/decker/cm-14.1/out/target/product/maxi_lte/system/lib64/libbwc.so
Copy: /home/decker/cm-14.1/out/target/product/maxi_lte/system/lib/libmnl.so
Copy: /home/decker/cm-14.1/out/target/product/maxi_lte/system/lib/libmal.so
Copy: /home/decker/cm-14.1/out/target/product/maxi_lte/system/lib64/libmal.so
Copy: /home/decker/cm-14.1/out/target/product/maxi_lte/system/lib/libvp8dec_sa.ca7.so
Copy: /home/decker/cm-14.1/out/target/product/maxi_lte/system/lib/librilmtk.so
Copy: /home/decker/cm-14.1/out/target/product/maxi_lte/system/lib64/librilmtk.so
Copy: /home/decker/cm-14.1/out/target/product/maxi_lte/system/lib/libJpgDecPipe.so
Copy: /home/decker/cm-14.1/out/target/product/maxi_lte/system/lib64/libJpgDecPipe.so
Copy: /home/decker/cm-14.1/out/target/product/maxi_lte/system/lib/libcam.camshot.so
Copy: /home/decker/cm-14.1/out/target/product/maxi_lte/system/lib64/libcam.camshot.so
Copy: /home/decker/cm-14.1/out/target/product/maxi_lte/system/lib/libcam.paramsmgr.so
Copy: /home/decker/cm-14.1/out/target/product/maxi_lte/system/lib64/libcam.paramsmgr.so
Copy: /home/decker/cm-14.1/out/target/product/maxi_lte/system/lib/libmtklimiter.so
Copy: /home/decker/cm-14.1/out/target/product/maxi_lte/system/lib64/libmtklimiter.so
Copy: /home/decker/cm-14.1/out/target/product/maxi_lte/system/lib/libcam3_utils.so
Copy: /home/decker/cm-14.1/out/target/product/maxi_lte/system/lib64/libcam3_utils.so
Copy: /home/decker/cm-14.1/out/target/product/maxi_lte/system/lib/libdrmmtkutil.so
Copy: /home/decker/cm-14.1/out/target/product/maxi_lte/system/lib64/libdrmmtkutil.so
Copy: /home/decker/cm-14.1/out/target/product/maxi_lte/system/lib/libspeech_enh_lib.so
Copy: /home/decker/cm-14.1/out/target/product/maxi_lte/system/lib64/libspeech_enh_lib.so
Copy: /home/decker/cm-14.1/out/target/product/maxi_lte/system/lib/libmatv_cust.so
Copy: /home/decker/cm-14.1/out/target/product/maxi_lte/system/lib64/libmatv_cust.so
Copy: /home/decker/cm-14.1/out/target/product/maxi_lte/system/lib/libtinyxml.so
Copy: /home/decker/cm-14.1/out/target/product/maxi_lte/system/lib64/libtinyxml.so
Copy: /home/decker/cm-14.1/out/target/product/maxi_lte/system/lib/libfile_op.so
Copy: /home/decker/cm-14.1/out/target/product/maxi_lte/system/lib64/libfile_op.so
Copy: /home/decker/cm-14.1/out/target/product/maxi_lte/system/lib/libcam.metadata.so
Copy: /home/decker/cm-14.1/out/target/product/maxi_lte/system/lib64/libcam.metadata.so
Copy: /home/decker/cm-14.1/out/target/product/maxi_lte/system/lib/libcam.metadataprovider.so
Copy: /home/decker/cm-14.1/out/target/product/maxi_lte/system/lib64/libcam.metadataprovider.so
Copy: /home/decker/cm-14.1/out/target/product/maxi_lte/system/lib/libcustom_prop.so
Copy: /home/decker/cm-14.1/out/target/product/maxi_lte/system/lib64/libcustom_prop.so
Copy: /home/decker/cm-14.1/out/target/product/maxi_lte/system/lib/libbluetooth_relayer.so
Copy: /home/decker/cm-14.1/out/target/product/maxi_lte/system/lib64/libbluetooth_relayer.so
Copy: /home/decker/cm-14.1/out/target/product/maxi_lte/system/lib/libblisrc.so
Copy: /home/decker/cm-14.1/out/target/product/maxi_lte/system/lib64/libblisrc.so
Copy: /home/decker/cm-14.1/out/target/product/maxi_lte/system/lib/libMtkOmxVorbisEnc.so
Copy: /home/decker/cm-14.1/out/target/product/maxi_lte/system/lib/libcustom_nvram.so
Copy: /home/decker/cm-14.1/out/target/product/maxi_lte/system/lib64/libcustom_nvram.so
Copy: /home/decker/cm-14.1/out/target/product/maxi_lte/system/lib/libMtkOmxRawDec.so
Copy: /home/decker/cm-14.1/out/target/product/maxi_lte/system/lib/libcam_mmp.so
Copy: /home/decker/cm-14.1/out/target/product/maxi_lte/system/lib64/libcam_mmp.so
Copy: /home/decker/cm-14.1/out/target/product/maxi_lte/system/lib/libJpgEncPipe.so
Copy: /home/decker/cm-14.1/out/target/product/maxi_lte/system/lib64/libJpgEncPipe.so
Copy: /home/decker/cm-14.1/out/target/product/maxi_lte/system/lib/libnvram_daemon_callback.so
Copy: /home/decker/cm-14.1/out/target/product/maxi_lte/system/lib64/libnvram_daemon_callback.so
Copy: /home/decker/cm-14.1/out/target/product/maxi_lte/system/lib/libged.so
Copy: /home/decker/cm-14.1/out/target/product/maxi_lte/system/lib64/libged.so
Copy: /home/decker/cm-14.1/out/target/product/maxi_lte/system/lib/libem_usb_jni.so
Copy: /home/decker/cm-14.1/out/target/product/maxi_lte/system/lib64/libem_usb_jni.so
Copy: /home/decker/cm-14.1/out/target/product/maxi_lte/system/lib/libem_wifi_jni.so
Copy: /home/decker/cm-14.1/out/target/product/maxi_lte/system/lib64/libem_wifi_jni.so
Copy: /home/decker/cm-14.1/out/target/product/maxi_lte/system/lib/libccci_util.so
Copy: /home/decker/cm-14.1/out/target/product/maxi_lte/system/lib64/libccci_util.so
Copy: /home/decker/cm-14.1/out/target/product/maxi_lte/system/lib/libnvram_platform.so
Copy: /home/decker/cm-14.1/out/target/product/maxi_lte/system/lib64/libnvram_platform.so
Copy: /home/decker/cm-14.1/out/target/product/maxi_lte/system/lib/libshowlogo.so
Copy: /home/decker/cm-14.1/out/target/product/maxi_lte/system/lib/libMtkOmxCore.so
Copy: /home/decker/cm-14.1/out/target/product/maxi_lte/system/lib64/libMtkOmxCore.so
Copy: /home/decker/cm-14.1/out/target/product/maxi_lte/system/lib/libvp8enc_sa.ca7.so
Copy: /home/decker/cm-14.1/out/target/product/maxi_lte/system/lib/libmhalImageCodec.so
Copy: /home/decker/cm-14.1/out/target/product/maxi_lte/system/lib64/libmhalImageCodec.so
Copy: /home/decker/cm-14.1/out/target/product/maxi_lte/system/lib/libaudio-resampler.so
Copy: /home/decker/cm-14.1/out/target/product/maxi_lte/system/lib64/libaudio-resampler.so
Copy: /home/decker/cm-14.1/out/target/product/maxi_lte/system/lib/libaudiocustparam.so
Copy: /home/decker/cm-14.1/out/target/product/maxi_lte/system/lib64/libaudiocustparam.so
Copy: /home/decker/cm-14.1/out/target/product/maxi_lte/system/lib/libvcodec_utility.so
Copy: /home/decker/cm-14.1/out/target/product/maxi_lte/system/lib64/libvcodec_utility.so
Copy: /home/decker/cm-14.1/out/target/product/maxi_lte/system/lib/libaed.so
Copy: /home/decker/cm-14.1/out/target/product/maxi_lte/system/lib64/libaed.so
Copy: /home/decker/cm-14.1/out/target/product/maxi_lte/system/lib/mtk-rilmd2.so
Copy: /home/decker/cm-14.1/out/target/product/maxi_lte/system/lib64/mtk-rilmd2.so
Copy: /home/decker/cm-14.1/out/target/product/maxi_lte/system/lib/libcam3_hwnode.so
Copy: /home/decker/cm-14.1/out/target/product/maxi_lte/system/lib64/libcam3_hwnode.so
Copy: /home/decker/cm-14.1/out/target/product/maxi_lte/system/lib/libMtkOmxApeDec.so
Copy: /home/decker/cm-14.1/out/target/product/maxi_lte/system/lib/libem_lte_jni.so
Copy: /home/decker/cm-14.1/out/target/product/maxi_lte/system/lib64/libem_lte_jni.so
Copy: /home/decker/cm-14.1/out/target/product/maxi_lte/system/lib/hw/memtrack.mt6737m.so
Copy: /home/decker/cm-14.1/out/target/product/maxi_lte/system/lib64/hw/memtrack.mt6737m.so
Copy: /home/decker/cm-14.1/out/target/product/maxi_lte/system/lib/hw/camera.mt6737m.so
Copy: /home/decker/cm-14.1/out/target/product/maxi_lte/system/lib64/hw/camera.mt6737m.so
Copy: /home/decker/cm-14.1/out/target/product/maxi_lte/system/lib/hw/hwcomposer.mt6737m.so
Copy: /home/decker/cm-14.1/out/target/product/maxi_lte/system/lib64/hw/hwcomposer.mt6737m.so
Copy: /home/decker/cm-14.1/out/target/product/maxi_lte/system/lib/hw/gps.mt6737m.so
Copy: /home/decker/cm-14.1/out/target/product/maxi_lte/system/lib64/hw/gps.mt6737m.so
Copy: /home/decker/cm-14.1/out/target/product/maxi_lte/system/lib/hw/audio.primary.mt6737m.so
Copy: /home/decker/cm-14.1/out/target/product/maxi_lte/system/lib64/hw/audio.primary.mt6737m.so
Copy: /home/decker/cm-14.1/out/target/product/maxi_lte/system/lib/hw/gralloc.mt6737m.so
Copy: /home/decker/cm-14.1/out/target/product/maxi_lte/system/lib64/hw/gralloc.mt6737m.so
Copy: /home/decker/cm-14.1/out/target/product/maxi_lte/system/lib/hw/sensors.mt6737m.so
Copy: /home/decker/cm-14.1/out/target/product/maxi_lte/system/lib64/hw/sensors.mt6737m.so
Copy: /home/decker/cm-14.1/out/target/product/maxi_lte/system/lib/libcam_hwutils.so
Copy: /home/decker/cm-14.1/out/target/product/maxi_lte/system/lib64/libcam_hwutils.so
Copy: /home/decker/cm-14.1/out/target/product/maxi_lte/system/lib/libcam3_pipeline.so
Copy: /home/decker/cm-14.1/out/target/product/maxi_lte/system/lib64/libcam3_pipeline.so
Copy: /home/decker/cm-14.1/out/target/product/maxi_lte/system/lib/libbt-vendor.so
Copy: /home/decker/cm-14.1/out/target/product/maxi_lte/system/lib/libcam_platform.so
Copy: /home/decker/cm-14.1/out/target/product/maxi_lte/system/lib64/libcam_platform.so
Copy: /home/decker/cm-14.1/out/target/product/maxi_lte/system/lib/libhwm.so
Copy: /home/decker/cm-14.1/out/target/product/maxi_lte/system/lib64/libhwm.so
Copy: /home/decker/cm-14.1/out/target/product/maxi_lte/system/lib/libcam.device1.so
Copy: /home/decker/cm-14.1/out/target/product/maxi_lte/system/lib64/libcam.device1.so
Copy: /home/decker/cm-14.1/out/target/product/maxi_lte/system/lib/libMtkOmxG711Dec.so
Copy: /home/decker/cm-14.1/out/target/product/maxi_lte/system/lib/libcam.sdkclient.so
Copy: /home/decker/cm-14.1/out/target/product/maxi_lte/system/lib64/libcam.sdkclient.so
Copy: /home/decker/cm-14.1/out/target/product/maxi_lte/system/lib/libmsbc_mtk.so
Copy: /home/decker/cm-14.1/out/target/product/maxi_lte/system/lib64/libmsbc_mtk.so
Copy: /home/decker/cm-14.1/out/target/product/maxi_lte/system/lib/libnvram.so
Copy: /home/decker/cm-14.1/out/target/product/maxi_lte/system/lib64/libnvram.so
Copy: /home/decker/cm-14.1/out/target/product/maxi_lte/system/lib/libimageio.so
Copy: /home/decker/cm-14.1/out/target/product/maxi_lte/system/lib64/libimageio.so
target Prebuilt: libperfservice_32 (/home/decker/cm-14.1/out/target/product/maxi_lte/obj_arm/SHARED_LIBRARIES/libperfservice_intermediates/LINKED/libperfservice.so)
target Prebuilt: libperfservice (/home/decker/cm-14.1/out/target/product/maxi_lte/obj/SHARED_LIBRARIES/libperfservice_intermediates/LINKED/libperfservice.so)
Copy: /home/decker/cm-14.1/out/target/product/maxi_lte/system/lib/libcam.client.so
Copy: /home/decker/cm-14.1/out/target/product/maxi_lte/system/lib64/libcam.client.so
Copy: /home/decker/cm-14.1/out/target/product/maxi_lte/system/lib/libcam.hal3a.v3.dng.so
Copy: /home/decker/cm-14.1/out/target/product/maxi_lte/system/lib64/libcam.hal3a.v3.dng.so
Copy: /home/decker/cm-14.1/out/target/product/maxi_lte/system/lib/libmmprofile.so
Copy: /home/decker/cm-14.1/out/target/product/maxi_lte/system/lib64/libmmprofile.so
Copy: /home/decker/cm-14.1/out/target/product/maxi_lte/system/lib/libgpu_aux.so
Copy: /home/decker/cm-14.1/out/target/product/maxi_lte/system/lib64/libgpu_aux.so
Copy: /home/decker/cm-14.1/out/target/product/maxi_lte/system/lib/libimageio_plat_drv.so
Copy: /home/decker/cm-14.1/out/target/product/maxi_lte/system/lib64/libimageio_plat_drv.so
Copy: /home/decker/cm-14.1/out/target/product/maxi_lte/system/lib/libmtkjpeg.so
Copy: /home/decker/cm-14.1/out/target/product/maxi_lte/system/lib64/libmtkjpeg.so
Copy: /home/decker/cm-14.1/out/target/product/maxi_lte/system/lib/libem_bt_jni.so
Copy: /home/decker/cm-14.1/out/target/product/maxi_lte/system/lib64/libem_bt_jni.so
Copy: /home/decker/cm-14.1/out/target/product/maxi_lte/system/lib/libMtkOmxGsmDec.so
Copy: /home/decker/cm-14.1/out/target/product/maxi_lte/system/lib/libblisrc32.so
Copy: /home/decker/cm-14.1/out/target/product/maxi_lte/system/lib64/libblisrc32.so
Copy: /home/decker/cm-14.1/out/target/product/maxi_lte/system/lib/libmtk_mmutils.so
Copy: /home/decker/cm-14.1/out/target/product/maxi_lte/system/lib64/libmtk_mmutils.so
Copy: /home/decker/cm-14.1/out/target/product/maxi_lte/system/lib/libaudiocompensationfilter.so
Copy: /home/decker/cm-14.1/out/target/product/maxi_lte/system/lib64/libaudiocompensationfilter.so
Copy: /home/decker/cm-14.1/out/target/product/maxi_lte/system/lib/libcam.exif.so
Copy: /home/decker/cm-14.1/out/target/product/maxi_lte/system/lib64/libcam.exif.so
Copy: /home/decker/cm-14.1/out/target/product/maxi_lte/system/lib/libHEVCdec_sa.ca7.android.so
Copy: /home/decker/cm-14.1/out/target/product/maxi_lte/system/lib/libcam.iopipe.so
Copy: /home/decker/cm-14.1/out/target/product/maxi_lte/system/lib64/libcam.iopipe.so
Copy: /home/decker/cm-14.1/out/target/product/maxi_lte/system/lib/libmmsdkservice.so
Copy: /home/decker/cm-14.1/out/target/product/maxi_lte/system/lib64/libmmsdkservice.so
Copy: /home/decker/cm-14.1/out/target/product/maxi_lte/system/lib/libmmsdkservice.feature.so
Copy: /home/decker/cm-14.1/out/target/product/maxi_lte/system/lib64/libmmsdkservice.feature.so
Copy: /home/decker/cm-14.1/out/target/product/maxi_lte/system/lib/libbessound_hd_mtk.so
Copy: /home/decker/cm-14.1/out/target/product/maxi_lte/system/lib64/libbessound_hd_mtk.so
Copy: /home/decker/cm-14.1/out/target/product/maxi_lte/system/lib/libbessurround_mtk.so
Copy: /home/decker/cm-14.1/out/target/product/maxi_lte/system/lib/libvp9dec_sa.ca7.so
Copy: /home/decker/cm-14.1/out/target/product/maxi_lte/system/lib/lib3a.so
Copy: /home/decker/cm-14.1/out/target/product/maxi_lte/system/lib64/lib3a.so
Copy: /home/decker/cm-14.1/out/target/product/maxi_lte/system/lib/libdrmmtkwhitelist.so
Copy: /home/decker/cm-14.1/out/target/product/maxi_lte/system/lib64/libdrmmtkwhitelist.so
Copy: /home/decker/cm-14.1/out/target/product/maxi_lte/system/lib/libmp4enc_xa.ca7.so
Copy: /home/decker/cm-14.1/out/target/product/maxi_lte/system/lib/libnvram_sec.so
Copy: /home/decker/cm-14.1/out/target/product/maxi_lte/system/lib64/libnvram_sec.so
Copy: /home/decker/cm-14.1/out/target/product/maxi_lte/system/lib/libcam3_hwpipeline.so
Copy: /home/decker/cm-14.1/out/target/product/maxi_lte/system/lib64/libcam3_hwpipeline.so
Copy: /home/decker/cm-14.1/out/target/product/maxi_lte/system/lib/libcam.device3.so
Copy: /home/decker/cm-14.1/out/target/product/maxi_lte/system/lib64/libcam.device3.so
Copy: /home/decker/cm-14.1/out/target/product/maxi_lte/system/lib/libpq_prot.so
Copy: /home/decker/cm-14.1/out/target/product/maxi_lte/system/lib64/libpq_prot.so
Copy: /home/decker/cm-14.1/out/target/product/maxi_lte/system/lib/libMtkOmxAdpcmDec.so
Copy: /home/decker/cm-14.1/out/target/product/maxi_lte/system/lib/libMtkOmxVenc.so
Copy: /home/decker/cm-14.1/out/target/product/maxi_lte/system/lib/libcam.utils.so
Copy: /home/decker/cm-14.1/out/target/product/maxi_lte/system/lib64/libcam.utils.so
Copy: /home/decker/cm-14.1/out/target/product/maxi_lte/system/lib/libSwJpgCodec.so
Copy: /home/decker/cm-14.1/out/target/product/maxi_lte/system/lib64/libSwJpgCodec.so
Copy: /home/decker/cm-14.1/out/target/product/maxi_lte/system/lib/libcam3_app.so
Copy: /home/decker/cm-14.1/out/target/product/maxi_lte/system/lib64/libcam3_app.so
Copy: /home/decker/cm-14.1/out/target/product/maxi_lte/system/lib/libbluetooth_mtk.so
Copy: /home/decker/cm-14.1/out/target/product/maxi_lte/system/lib64/libbluetooth_mtk.so
Copy: /home/decker/cm-14.1/out/target/product/maxi_lte/system/lib/libcamdrv.so
Copy: /home/decker/cm-14.1/out/target/product/maxi_lte/system/lib64/libcamdrv.so
Copy: /home/decker/cm-14.1/out/target/product/maxi_lte/system/lib/libmtk_drvb.so
Copy: /home/decker/cm-14.1/out/target/product/maxi_lte/system/lib64/libmtk_drvb.so
Copy: /home/decker/cm-14.1/out/target/product/maxi_lte/system/lib/libcvsd_mtk.so
Copy: /home/decker/cm-14.1/out/target/product/maxi_lte/system/lib64/libcvsd_mtk.so
Copy: /home/decker/cm-14.1/out/target/product/maxi_lte/system/lib/libMtkOmxAlacDec.so
Copy: /home/decker/cm-14.1/out/target/product/maxi_lte/system/lib/libbluetoothem_mtk.so
Copy: /home/decker/cm-14.1/out/target/product/maxi_lte/system/lib64/libbluetoothem_mtk.so
Copy: /home/decker/cm-14.1/out/target/product/maxi_lte/system/lib/libcam.halsensor.so
Copy: /home/decker/cm-14.1/out/target/product/maxi_lte/system/lib64/libcam.halsensor.so
Copy: /home/decker/cm-14.1/out/target/product/maxi_lte/system/lib/libcam.hal3a.v3.so
Copy: /home/decker/cm-14.1/out/target/product/maxi_lte/system/lib64/libcam.hal3a.v3.so
Copy: /home/decker/cm-14.1/out/target/product/maxi_lte/system/lib/libem_sensor_jni.so
Copy: /home/decker/cm-14.1/out/target/product/maxi_lte/system/lib64/libem_sensor_jni.so
Copy: /home/decker/cm-14.1/out/target/product/maxi_lte/system/lib/libvc1dec_sa.ca7.so
Copy: /home/decker/cm-14.1/out/target/product/maxi_lte/system/lib/libBnMtkCodec.so
Copy: /home/decker/cm-14.1/out/target/product/maxi_lte/system/lib64/libBnMtkCodec.so
Copy: /home/decker/cm-14.1/out/target/product/maxi_lte/system/lib/libmdfx.so
Copy: /home/decker/cm-14.1/out/target/product/maxi_lte/system/lib64/libmdfx.so
Copy: /home/decker/cm-14.1/out/target/product/maxi_lte/system/lib/libaudiosetting.so
Copy: /home/decker/cm-14.1/out/target/product/maxi_lte/system/lib64/libaudiosetting.so
Copy: /home/decker/cm-14.1/out/target/product/maxi_lte/system/lib/libnvramagentclient.so
Copy: /home/decker/cm-14.1/out/target/product/maxi_lte/system/lib64/libnvramagentclient.so
Copy: /home/decker/cm-14.1/out/target/product/maxi_lte/system/usr/keylayout/mtk-kpd.kl
Copy: /home/decker/cm-14.1/out/target/product/maxi_lte/system/usr/keylayout/ACCDET.kl
Copy: /home/decker/cm-14.1/out/target/product/maxi_lte/system/vendor/lib/libwvdrm_L3.so
Copy: /home/decker/cm-14.1/out/target/product/maxi_lte/system/vendor/lib/libwvm.so
Copy: /home/decker/cm-14.1/out/target/product/maxi_lte/system/vendor/lib/libWVStreamControlAPI_L3.so
Copy: /home/decker/cm-14.1/out/target/product/maxi_lte/system/vendor/lib/drm/libdrmwvmplugin.so
Copy: /home/decker/cm-14.1/out/target/product/maxi_lte/system/vendor/lib/mediadrm/libmockdrmcryptoplugin.so
Copy: /home/decker/cm-14.1/out/target/product/maxi_lte/system/vendor/lib64/mediadrm/libmockdrmcryptoplugin.so
Copy: /home/decker/cm-14.1/out/target/product/maxi_lte/system/vendor/lib/mediadrm/libwvdrmengine.so
Copy: /home/decker/cm-14.1/out/target/product/maxi_lte/system/etc/audio_policy.conf
Copy xml: /home/decker/cm-14.1/out/target/product/maxi_lte/system/etc/audio_device.xml
Copy xml: /home/decker/cm-14.1/out/target/product/maxi_lte/system/etc/agps_profiles_conf2.xml
Copy: /home/decker/cm-14.1/out/target/product/maxi_lte/system/etc/perfservscntbl.txt
Copy: /home/decker/cm-14.1/out/target/product/maxi_lte/system/etc/wifi/wpa_supplicant.conf
Copy: /home/decker/cm-14.1/out/target/product/maxi_lte/system/etc/wifi/p2p_supplicant_overlay.conf
Copy: /home/decker/cm-14.1/out/target/product/maxi_lte/system/etc/wifi/wpa_supplicant_overlay.conf
Copy: /home/decker/cm-14.1/out/target/product/maxi_lte/system/etc/firmware/ROMv2_lm_patch_1_1_hdr.bin
Copy: /home/decker/cm-14.1/out/target/product/maxi_lte/system/etc/firmware/modem_1_lwg_n.img
Copy: /home/decker/cm-14.1/out/target/product/maxi_lte/system/etc/firmware/ROMv2_lm_patch_1_0_hdr.bin
Copy: /home/decker/cm-14.1/out/target/product/maxi_lte/system/etc/firmware/mt6627/mt6627_fm_v5_coeff.bin
Copy: /home/decker/cm-14.1/out/target/product/maxi_lte/system/etc/firmware/mt6627/mt6627_fm_v5_patch.bin
Copy: /home/decker/cm-14.1/out/target/product/maxi_lte/system/etc/firmware/mt6627/mt6627_fm_v1_coeff.bin
Copy: /home/decker/cm-14.1/out/target/product/maxi_lte/system/etc/firmware/mt6627/mt6627_fm_v2_patch.bin
Copy: /home/decker/cm-14.1/out/target/product/maxi_lte/system/etc/firmware/mt6627/mt6627_fm_v3_coeff.bin
Copy: /home/decker/cm-14.1/out/target/product/maxi_lte/system/etc/firmware/mt6627/mt6627_fm_v3_patch.bin
Copy: /home/decker/cm-14.1/out/target/product/maxi_lte/system/etc/firmware/mt6627/mt6627_fm_v4_coeff.bin
Copy: /home/decker/cm-14.1/out/target/product/maxi_lte/system/etc/firmware/mt6627/mt6627_fm_v4_patch.bin
Copy: /home/decker/cm-14.1/out/target/product/maxi_lte/system/etc/firmware/mt6627/mt6627_fm_v2_coeff.bin
Copy: /home/decker/cm-14.1/out/target/product/maxi_lte/system/etc/firmware/mt6627/mt6627_fm_v1_patch.bin
Copy: /home/decker/cm-14.1/out/target/product/maxi_lte/system/etc/firmware/catcher_filter_1_lwg_n.bin
Copy: /home/decker/cm-14.1/out/target/product/maxi_lte/system/etc/firmware/WMT_SOC.cfg
Copy: /home/decker/cm-14.1/out/target/product/maxi_lte/system/etc/firmware/WIFI_RAM_CODE_6735
Copy: /home/decker/cm-14.1/out/target/product/maxi_lte/system/etc/firmware/dsp_1_lwg_n.bin
Copy: /home/decker/cm-14.1/out/target/product/maxi_lte/system/etc/mtk_omx_core.cfg
Copy: /home/decker/cm-14.1/out/target/product/maxi_lte/system/etc/.tp/thermal.conf
Copy: /home/decker/cm-14.1/out/target/product/maxi_lte/system/etc/.tp/.ht120.mtc
Copy: /home/decker/cm-14.1/out/target/product/maxi_lte/system/etc/.tp/thermal.off.conf
Copy: /home/decker/cm-14.1/out/target/product/maxi_lte/system/lib/libpqservice.so
Copy: /home/decker/cm-14.1/out/target/product/maxi_lte/system/lib64/libpqservice.so
Copy: /home/decker/cm-14.1/out/target/product/maxi_lte/system/lib/libgas.so
Copy: /home/decker/cm-14.1/out/target/product/maxi_lte/system/lib64/libgas.so
Copy: /home/decker/cm-14.1/out/target/product/maxi_lte/system/lib/libmtkcamera_client.so
Copy: /home/decker/cm-14.1/out/target/product/maxi_lte/system/lib64/libmtkcamera_client.so
Copy: /home/decker/cm-14.1/out/target/product/maxi_lte/system/lib/libbluetooth_mtk_pure.so
Copy: /home/decker/cm-14.1/out/target/product/maxi_lte/system/lib64/libbluetooth_mtk_pure.so
Copy: /home/decker/cm-14.1/out/target/product/maxi_lte/system/lib/libcamdrv_FrmB.so
Copy: /home/decker/cm-14.1/out/target/product/maxi_lte/system/lib64/libcamdrv_FrmB.so
Copy: /home/decker/cm-14.1/out/target/product/maxi_lte/system/lib/libfs_mgr.so
Copy: /home/decker/cm-14.1/out/target/product/maxi_lte/system/lib64/libfs_mgr.so
Copy: /home/decker/cm-14.1/out/target/product/maxi_lte/system/lib/libcam.iopipe_FrmB.so
Copy: /home/decker/cm-14.1/out/target/product/maxi_lte/system/lib64/libcam.iopipe_FrmB.so
Copy: /home/decker/cm-14.1/out/target/product/maxi_lte/system/lib64/libterservice.so
Copy: /home/decker/cm-14.1/out/target/product/maxi_lte/system/bin/mobile_log_d
Copy: /home/decker/cm-14.1/out/target/product/maxi_lte/system/bin/netdiag
Copy: /home/decker/cm-14.1/out/target/product/maxi_lte/system/bin/pq
Copy: /home/decker/cm-14.1/out/target/product/maxi_lte/system/bin/aal
Copy: /home/decker/cm-14.1/out/target/product/maxi_lte/system/bin/dm_agent_binder
Copy: /home/decker/cm-14.1/out/target/product/maxi_lte/system/bin/ppl_agent
Copy: /home/decker/cm-14.1/out/target/product/maxi_lte/system/lib/libimageio_plat_drv_FrmB.so
Copy: /home/decker/cm-14.1/out/target/product/maxi_lte/system/lib64/libimageio_plat_drv_FrmB.so
Copy: /home/decker/cm-14.1/out/target/product/maxi_lte/system/lib/libfmcust.so
Copy: /home/decker/cm-14.1/out/target/product/maxi_lte/system/lib64/libfmcust.so
Copy: /home/decker/cm-14.1/out/target/product/maxi_lte/system/lib/hw/audio.a2dp.default.so
Copy: /home/decker/cm-14.1/out/target/product/maxi_lte/system/lib64/hw/audio.a2dp.default.so
Copy: /home/decker/cm-14.1/out/target/product/maxi_lte/system/lib/hw/audio_policy.stub.so
Copy: /home/decker/cm-14.1/out/target/product/maxi_lte/system/lib64/hw/audio_policy.stub.so
Copy: /home/decker/cm-14.1/out/target/product/maxi_lte/system/lib/hw/lights.mt6737m.so
Copy: /home/decker/cm-14.1/out/target/product/maxi_lte/system/lib64/hw/lights.mt6737m.so
Copy: /home/decker/cm-14.1/out/target/product/maxi_lte/system/lib/hw/radio.fm.mt6737m.so
Copy: /home/decker/cm-14.1/out/target/product/maxi_lte/system/lib/liba3m.so
Copy: /home/decker/cm-14.1/out/target/product/maxi_lte/system/lib64/liba3m.so
Copy: /home/decker/cm-14.1/out/target/product/maxi_lte/system/lib/libacdk.so
Copy: /home/decker/cm-14.1/out/target/product/maxi_lte/system/lib64/libacdk.so
Copy: /home/decker/cm-14.1/out/target/product/maxi_lte/system/lib/libcam.campipe.so
Copy: /home/decker/cm-14.1/out/target/product/maxi_lte/system/lib64/libcam.campipe.so
Copy: /home/decker/cm-14.1/out/target/product/maxi_lte/system/lib/libhdrproc.so
Copy: /home/decker/cm-14.1/out/target/product/maxi_lte/system/lib64/libhdrproc.so
Copy: /home/decker/cm-14.1/out/target/product/maxi_lte/system/lib/libimageio_FrmB.so
Copy: /home/decker/cm-14.1/out/target/product/maxi_lte/system/lib64/libimageio_FrmB.so
Copy: /home/decker/cm-14.1/out/target/product/maxi_lte/system/lib/libpq_cust.so
Copy: /home/decker/cm-14.1/out/target/product/maxi_lte/system/lib64/libpq_cust.so
Install: /home/decker/cm-14.1/out/target/product/maxi_lte/system/usr/share/vim/autoload/spacehi.vim
Install: /home/decker/cm-14.1/out/target/product/maxi_lte/system/usr/share/vim/colors/default.vim
Install: /home/decker/cm-14.1/out/target/product/maxi_lte/system/usr/share/vim/colors/desert.vim
Install: /home/decker/cm-14.1/out/target/product/maxi_lte/system/usr/share/vim/doc/editing.txt
Install: /home/decker/cm-14.1/out/target/product/maxi_lte/system/usr/share/vim/doc/help.txt
Install: /home/decker/cm-14.1/out/target/product/maxi_lte/system/usr/share/vim/doc/intro.txt
Install: /home/decker/cm-14.1/out/target/product/maxi_lte/system/usr/share/vim/doc/motion.txt
Install: /home/decker/cm-14.1/out/target/product/maxi_lte/system/usr/share/vim/doc/options.txt
Install: /home/decker/cm-14.1/out/target/product/maxi_lte/system/usr/share/vim/doc/scroll.txt
Install: /home/decker/cm-14.1/out/target/product/maxi_lte/system/usr/share/vim/doc/tags
Install: /home/decker/cm-14.1/out/target/product/maxi_lte/system/usr/share/vim/doc/term.txt
Install: external/bash/etc/bash_logout -> /home/decker/cm-14.1/out/target/product/maxi_lte/system/etc/bash/
Install: external/bash/etc/bashrc -> /home/decker/cm-14.1/out/target/product/maxi_lte/system/etc/bash/
Install: external/nano/etc/asm.nanorc -> /home/decker/cm-14.1/out/target/product/maxi_lte/system/etc/nano/
Install: external/nano/etc/awk.nanorc -> /home/decker/cm-14.1/out/target/product/maxi_lte/system/etc/nano/
Install: external/nano/etc/c.nanorc -> /home/decker/cm-14.1/out/target/product/maxi_lte/system/etc/nano/
Install: external/nano/etc/cmake.nanorc -> /home/decker/cm-14.1/out/target/product/maxi_lte/system/etc/nano/
Install: external/nano/etc/css.nanorc -> /home/decker/cm-14.1/out/target/product/maxi_lte/system/etc/nano/
Install: external/nano/etc/fortran.nanorc -> /home/decker/cm-14.1/out/target/product/maxi_lte/system/etc/nano/
Install: external/nano/etc/groff.nanorc -> /home/decker/cm-14.1/out/target/product/maxi_lte/system/etc/nano/
Install: external/nano/etc/html.nanorc -> /home/decker/cm-14.1/out/target/product/maxi_lte/system/etc/nano/
Install: external/nano/etc/java.nanorc -> /home/decker/cm-14.1/out/target/product/maxi_lte/system/etc/nano/
Install: external/nano/etc/makefile.nanorc -> /home/decker/cm-14.1/out/target/product/maxi_lte/system/etc/nano/
Install: external/nano/etc/nanorc -> /home/decker/cm-14.1/out/target/product/maxi_lte/system/etc/nano/
Install: external/nano/etc/nanorc.nanorc -> /home/decker/cm-14.1/out/target/product/maxi_lte/system/etc/nano/
Install: external/nano/etc/objc.nanorc -> /home/decker/cm-14.1/out/target/product/maxi_lte/system/etc/nano/
Install: external/nano/etc/ocaml.nanorc -> /home/decker/cm-14.1/out/target/product/maxi_lte/system/etc/nano/
Install: external/nano/etc/patch.nanorc -> /home/decker/cm-14.1/out/target/product/maxi_lte/system/etc/nano/
Install: external/nano/etc/perl.nanorc -> /home/decker/cm-14.1/out/target/product/maxi_lte/system/etc/nano/
Install: external/nano/etc/php.nanorc -> /home/decker/cm-14.1/out/target/product/maxi_lte/system/etc/nano/
Install: external/nano/etc/python.nanorc -> /home/decker/cm-14.1/out/target/product/maxi_lte/system/etc/nano/
Install: external/nano/etc/ruby.nanorc -> /home/decker/cm-14.1/out/target/product/maxi_lte/system/etc/nano/
Install: external/nano/etc/sh.nanorc -> /home/decker/cm-14.1/out/target/product/maxi_lte/system/etc/nano/
Install: external/nano/etc/tcl.nanorc -> /home/decker/cm-14.1/out/target/product/maxi_lte/system/etc/nano/
Install: external/nano/etc/tex.nanorc -> /home/decker/cm-14.1/out/target/product/maxi_lte/system/etc/nano/
Install: external/nano/etc/xml.nanorc -> /home/decker/cm-14.1/out/target/product/maxi_lte/system/etc/nano/
Install: /home/decker/cm-14.1/out/target/product/maxi_lte/system/usr/share/vim/filetype.vim
Install: /home/decker/cm-14.1/out/target/product/maxi_lte/system/usr/share/vim/ftoff.vim
Install: /home/decker/cm-14.1/out/target/product/maxi_lte/system/usr/share/vim/indent.vim
Install: /home/decker/cm-14.1/out/target/product/maxi_lte/system/usr/share/vim/indoff.vim
Install: /home/decker/cm-14.1/out/target/product/maxi_lte/system/usr/share/vim/plugin/matchparen.vim
Install: /home/decker/cm-14.1/out/target/product/maxi_lte/system/usr/share/vim/scripts.vim
Install: /home/decker/cm-14.1/out/target/product/maxi_lte/system/usr/share/vim/syntax/awk.vim
Install: /home/decker/cm-14.1/out/target/product/maxi_lte/system/usr/share/vim/syntax/c.vim
Install: /home/decker/cm-14.1/out/target/product/maxi_lte/system/usr/share/vim/syntax/conf.vim
Install: /home/decker/cm-14.1/out/target/product/maxi_lte/system/usr/share/vim/syntax/config.vim
Install: /home/decker/cm-14.1/out/target/product/maxi_lte/system/usr/share/vim/syntax/context.vim
Install: /home/decker/cm-14.1/out/target/product/maxi_lte/system/usr/share/vim/syntax/cpp.vim
Install: /home/decker/cm-14.1/out/target/product/maxi_lte/system/usr/share/vim/syntax/css.vim
Install: /home/decker/cm-14.1/out/target/product/maxi_lte/system/usr/share/vim/syntax/diff.vim
Install: /home/decker/cm-14.1/out/target/product/maxi_lte/system/usr/share/vim/syntax/doxygen.vim
Install: /home/decker/cm-14.1/out/target/product/maxi_lte/system/usr/share/vim/syntax/dtd.vim
Install: /home/decker/cm-14.1/out/target/product/maxi_lte/system/usr/share/vim/syntax/gitcommit.vim
Install: /home/decker/cm-14.1/out/target/product/maxi_lte/system/usr/share/vim/syntax/help.vim
Install: /home/decker/cm-14.1/out/target/product/maxi_lte/system/usr/share/vim/syntax/html.vim
Install: /home/decker/cm-14.1/out/target/product/maxi_lte/system/usr/share/vim/syntax/java.vim
Install: /home/decker/cm-14.1/out/target/product/maxi_lte/system/usr/share/vim/syntax/javascript.vim
Install: /home/decker/cm-14.1/out/target/product/maxi_lte/system/usr/share/vim/syntax/logcat.vim
Install: /home/decker/cm-14.1/out/target/product/maxi_lte/system/usr/share/vim/syntax/lua.vim
Install: /home/decker/cm-14.1/out/target/product/maxi_lte/system/usr/share/vim/syntax/manual.vim
Install: /home/decker/cm-14.1/out/target/product/maxi_lte/system/usr/share/vim/syntax/markdown.vim
Install: /home/decker/cm-14.1/out/target/product/maxi_lte/system/usr/share/vim/syntax/pod.vim
Install: /home/decker/cm-14.1/out/target/product/maxi_lte/system/usr/share/vim/syntax/sh.vim
Install: /home/decker/cm-14.1/out/target/product/maxi_lte/system/usr/share/vim/syntax/syncolor.vim
Install: /home/decker/cm-14.1/out/target/product/maxi_lte/system/usr/share/vim/syntax/synload.vim
Install: /home/decker/cm-14.1/out/target/product/maxi_lte/system/usr/share/vim/syntax/syntax.vim
Install: /home/decker/cm-14.1/out/target/product/maxi_lte/system/usr/share/vim/syntax/vb.vim
Install: /home/decker/cm-14.1/out/target/product/maxi_lte/system/usr/share/vim/syntax/vim.vim
Install: /home/decker/cm-14.1/out/target/product/maxi_lte/system/usr/share/vim/syntax/xml.vim
target  C++: recovery <= bootable/recovery/adb_install.cpp
target  C++: recovery <= bootable/recovery/asn1_decoder.cpp
target  C++: recovery <= bootable/recovery/device.cpp
target  C++: recovery <= bootable/recovery/fuse_sdcard_provider.cpp
target  C++: recovery <= bootable/recovery/install.cpp
target  C++: recovery <= bootable/recovery/recovery.cpp
target  C++: recovery <= bootable/recovery/roots.cpp
target  C++: recovery <= bootable/recovery/screen_ui.cpp
target  C++: recovery <= bootable/recovery/ui.cpp
target  C++: recovery <= bootable/recovery/verifier.cpp
target  C++: recovery <= bootable/recovery/wear_ui.cpp
target  C++: recovery <= bootable/recovery/wear_touch.cpp
target  C++: recovery <= bootable/recovery/voldclient.cpp
bootable/recovery/screen_ui.cpp:88:5: warning: field 'updateMutex' will be initialized after field 'progressCondition' [-Wreorder]
    updateMutex(PTHREAD_MUTEX_INITIALIZER),
    ^
target  C++: recovery <= bootable/recovery/default_device.cpp
target  C++: recovery <= bootable/recovery/../../system/core/toolbox/start_stop.cpp
1 warning generated.
target  C++: recovery <= bootable/recovery/../../system/vold/vdc.cpp
target  C: recovery <= bootable/recovery/../../system/core/toolbox/newfs_msdos.c
target  C: toybox <= external/toybox/main.c
target Unpacked: libperfservice_32 (/home/decker/cm-14.1/out/target/product/maxi_lte/obj_arm/SHARED_LIBRARIES/libperfservice_intermediates/PACKED/libperfservice.so)
target Unpacked: libperfservice (/home/decker/cm-14.1/out/target/product/maxi_lte/obj/SHARED_LIBRARIES/libperfservice_intermediates/PACKED/libperfservice.so)
target Symbolic: libperfservice_32 (/home/decker/cm-14.1/out/target/product/maxi_lte/symbols/system/lib/libperfservice.so)
target Symbolic: libperfservice (/home/decker/cm-14.1/out/target/product/maxi_lte/symbols/system/lib64/libperfservice.so)
target Executable: toybox (/home/decker/cm-14.1/out/target/product/maxi_lte/obj/EXECUTABLES/toybox_intermediates/LINKED/toybox)
target Strip: libperfservice_32 (/home/decker/cm-14.1/out/target/product/maxi_lte/obj_arm/lib/libperfservice.so)
target Strip: libperfservice (/home/decker/cm-14.1/out/target/product/maxi_lte/obj/lib/libperfservice.so)
target StaticExecutable: recovery (/home/decker/cm-14.1/out/target/product/maxi_lte/obj/EXECUTABLES/recovery_intermediates/LINKED/recovery)
target Unpacked: toybox (/home/decker/cm-14.1/out/target/product/maxi_lte/obj/EXECUTABLES/toybox_intermediates/PACKED/toybox)
Copy: /home/decker/cm-14.1/out/target/product/maxi_lte/system/lib/libperfservice.so
Copy: /home/decker/cm-14.1/out/target/product/maxi_lte/system/lib64/libperfservice.so
target Symbolic: toybox (/home/decker/cm-14.1/out/target/product/maxi_lte/symbols/system/bin/toybox)
target Strip: toybox (/home/decker/cm-14.1/out/target/product/maxi_lte/obj/EXECUTABLES/toybox_intermediates/toybox)
Install: /home/decker/cm-14.1/out/target/product/maxi_lte/system/bin/toybox
target Unpacked: recovery (/home/decker/cm-14.1/out/target/product/maxi_lte/obj/EXECUTABLES/recovery_intermediates/PACKED/recovery)
target Symbolic: recovery (/home/decker/cm-14.1/out/target/product/maxi_lte/symbols/recovery/root/sbin/recovery)
target Strip: recovery (/home/decker/cm-14.1/out/target/product/maxi_lte/obj/EXECUTABLES/recovery_intermediates/recovery)
Install: /home/decker/cm-14.1/out/target/product/maxi_lte/recovery/root/sbin/recovery
----- Making recovery ramdisk ------
Copying baseline ramdisk...
Modifying ramdisk contents...
cp: не удалось выполнить stat для '/home/decker/cm-14.1/out/target/product/maxi_lte/root/init.recovery.*.rc': Нет такого файла или каталога
# Mount the system_root_image to /system_root and symlink /system.
----- Making uncompressed recovery ramdisk ------
----- Making compressed recovery ramdisk ------
----- Making recovery image ------
+/home/decker/cm-14.1/out/target/product/maxi_lte/recovery.img maxsize=17031168 blocksize=135168 total=13142016 reserve=270336
Made recovery image: /home/decker/cm-14.1/out/target/product/maxi_lte/recovery.img
Target build info: /home/decker/cm-14.1/out/target/product/maxi_lte/system/build.prop
Construct recovery from boot
mkdir -p /home/decker/cm-14.1/out/target/product/maxi_lte/obj/PACKAGING/recovery_patch_intermediates/
PATH=/home/decker/cm-14.1/out/host/linux-x86/bin:$PATH /home/decker/cm-14.1/out/host/linux-x86/bin/imgdiff /home/decker/cm-14.1/out/target/product/maxi_lte/boot.img /home/decker/cm-14.1/out/target/product/maxi_lte/recovery.img /home/decker/cm-14.1/out/target/product/maxi_lte/obj/PACKAGING/recovery_patch_intermediates/recovery_from_boot.p
build/tools/generate-notice-files.py  /home/decker/cm-14.1/out/target/product/maxi_lte/obj/NOTICE.txt  /home/decker/cm-14.1/out/target/product/maxi_lte/obj/NOTICE.html "Notices for files contained in the filesystem images in this directory:" /home/decker/cm-14.1/out/target/product/maxi_lte/obj/NOTICE_FILES/src
Combining NOTICE files into HTML
Combining NOTICE files into text
Installed file list: /home/decker/cm-14.1/out/target/product/maxi_lte/installed-files.txt
Target system fs image: /home/decker/cm-14.1/out/target/product/maxi_lte/obj/PACKAGING/systemimage_intermediates/system.img
BuildImage: in_dir = /home/decker/cm-14.1/out/target/product/maxi_lte/system, out_file = /home/decker/cm-14.1/out/target/product/maxi_lte/obj/PACKAGING/systemimage_intermediates/system.img
fs type is not ext4
Running: mkuserimg.sh -s /home/decker/cm-14.1/out/target/product/maxi_lte/system /home/decker/cm-14.1/out/target/product/maxi_lte/obj/PACKAGING/systemimage_intermediates/system.img ext4 system 2432696320 -D /home/decker/cm-14.1/out/target/product/maxi_lte/system -L system /home/decker/cm-14.1/out/target/product/maxi_lte/root/file_contexts.bin
make_ext4fs -s -T -1 -S /home/decker/cm-14.1/out/target/product/maxi_lte/root/file_contexts.bin -L system -l 2432696320 -a system /home/decker/cm-14.1/out/target/product/maxi_lte/obj/PACKAGING/systemimage_intermediates/system.img /home/decker/cm-14.1/out/target/product/maxi_lte/system /home/decker/cm-14.1/out/target/product/maxi_lte/system
Creating filesystem with parameters:
    Size: 2432696320
    Block size: 4096
    Blocks per group: 32768
    Inodes per group: 7824
    Inode size: 256
    Journal blocks: 9280
    Label: system
    Blocks: 593920
    Block groups: 19
    Reserved block group size: 151
Created filesystem with 2558/148656 inodes and 240985/593920 blocks
Running ['mkuserimg.sh', '-s', '/home/decker/cm-14.1/out/target/product/maxi_lte/system', '/home/decker/cm-14.1/out/target/product/maxi_lte/obj/PACKAGING/systemimage_intermediates/system.img', 'ext4', 'system', '2432696320', '-D', '/home/decker/cm-14.1/out/target/product/maxi_lte/system', '-L', 'system', '/home/decker/cm-14.1/out/target/product/maxi_lte/root/file_contexts.bin'] command, exit code = 0
failed to reconstruct target deflate chunk 1 [(null)]; treating as normal
chunk 0: type 0 start 0 len 7002122
chunk 1: type 2 start 7002122 len 3899648
chunk 2: type 0 start 8609714 len 78
Construct patches for 3 chunks...
patch   0 is 204 bytes (of 7002122)
patch   1 is 3582287 bytes (of 1607592)
patch   2 is 184 bytes (of 78)
chunk   0: normal   (         0,    7002122)         204
chunk   1: deflate  (   7002122,    6138694)     3582287  (null)
chunk   2: normal   (  13140816,       1200)         184
Install system fs image: /home/decker/cm-14.1/out/target/product/maxi_lte/system.img
/home/decker/cm-14.1/out/target/product/maxi_lte/system.img+/home/decker/cm-14.1/out/target/product/maxi_lte/obj/PACKAGING/recovery_patch_intermediates/recovery_from_boot.p maxsize=2483576832 blocksize=135168 total=951568299 reserve=25141248
Package target files: /home/decker/cm-14.1/out/target/product/maxi_lte/obj/PACKAGING/target_files_intermediates/cm_maxi_lte-target_files-5701cfb94e.zip
building image from target_files RECOVERY...
building image from target_files BOOT...
putting script in bin/install-recovery.sh
  running:  unzip -o -q /home/decker/cm-14.1/out/target/product/maxi_lte/obj/PACKAGING/target_files_intermediates/cm_maxi_lte-target_files-5701cfb94e.zip -d /tmp/targetfiles-eURRlN


++++ boot ++++


building image from target_files BOOT...
  running:  mkbootfs -f /tmp/targetfiles-eURRlN/META/boot_filesystem_config.txt /tmp/targetfiles-eURRlN/BOOT/RAMDISK
  running:  minigzip
  running:  /home/decker/cm-14.1/out/host/linux-x86/bin/mkbootimg --kernel /tmp/targetfiles-eURRlN/BOOT/kernel --cmdline bootopt=64S3,32N2,64N2 androidboot.selinux=permissive buildvariant=userdebug --base 0x40078000 --ramdisk_offset 0x04000000 --pagesize 2048 --kernel_offset 0x00008000 --ramdisk_offset 0x03f88000 --tags_offset 0x0df88000 --board 1481380826 --os_version 7.1.1 --os_patch_level 2016-12-05 --ramdisk /tmp/tmpH_aux8 --output /tmp/tmpb9Tj1A


++++ recovery ++++


building image from target_files RECOVERY...
  running:  mkbootfs -f /tmp/targetfiles-eURRlN/META/recovery_filesystem_config.txt /tmp/targetfiles-eURRlN/RECOVERY/RAMDISK
  running:  minigzip
  running:  /home/decker/cm-14.1/out/host/linux-x86/bin/mkbootimg --kernel /tmp/targetfiles-eURRlN/RECOVERY/kernel --cmdline bootopt=64S3,32N2,64N2 androidboot.selinux=permissive buildvariant=userdebug --base 0x40078000 --ramdisk_offset 0x04000000 --pagesize 2048 --kernel_offset 0x00008000 --ramdisk_offset 0x03f88000 --tags_offset 0x0df88000 --board 1481380826 --os_version 7.1.1 --os_patch_level 2016-12-05 --ramdisk /tmp/tmpRIJkU2 --output /tmp/tmpv2fT9R


++++ system ++++


creating system.img...
BuildImage: in_dir = /tmp/targetfiles-eURRlN/system, out_file = /tmp/system-GnjAFp.img
fs type is not ext4
Running: mkuserimg.sh -s /tmp/targetfiles-eURRlN/system /tmp/system-GnjAFp.img ext4 system 2432696320 -T 1230757200 -C /tmp/targetfiles-eURRlN/META/filesystem_config.txt -B /tmp/system-blocklist-QWm5fK.map -L system /tmp/targetfiles-eURRlN/META/file_contexts.bin
make_ext4fs -s -T 1230757200 -S /tmp/targetfiles-eURRlN/META/file_contexts.bin -C /tmp/targetfiles-eURRlN/META/filesystem_config.txt -B /tmp/system-blocklist-QWm5fK.map -L system -l 2432696320 -a system /tmp/system-GnjAFp.img /tmp/targetfiles-eURRlN/system
loaded 2550 fs_config entries
Creating filesystem with parameters:
    Size: 2432696320
    Block size: 4096
    Blocks per group: 32768
    Inodes per group: 7824
    Inode size: 256
    Journal blocks: 9280
    Label: system
    Blocks: 593920
    Block groups: 19
    Reserved block group size: 151
Created filesystem with 2560/148656 inodes and 241373/593920 blocks
Running ['mkuserimg.sh', '-s', '/tmp/targetfiles-eURRlN/system', '/tmp/system-GnjAFp.img', 'ext4', 'system', '2432696320', '-T', '1230757200', '-C', '/tmp/targetfiles-eURRlN/META/filesystem_config.txt', '-B', '/tmp/system-blocklist-QWm5fK.map', '-L', 'system', '/tmp/targetfiles-eURRlN/META/file_contexts.bin'] command, exit code = 0


++++ userdata ++++


creating userdata.img...
BuildImage: in_dir = /tmp/tmpkJ6c9u/data, out_file = /tmp/tmpAVs0J0
fs type is not ext4
Running: mkuserimg.sh -s /tmp/tmpkJ6c9u/data /tmp/tmpAVs0J0 ext4 data 4698144768 -T 1230757200 -L data /tmp/targetfiles-eURRlN/META/file_contexts.bin
make_ext4fs -s -T 1230757200 -S /tmp/targetfiles-eURRlN/META/file_contexts.bin -L data -l 4698144768 -a data /tmp/tmpAVs0J0 /tmp/tmpkJ6c9u/data
Creating filesystem with parameters:
    Size: 4698144768
    Block size: 4096
    Blocks per group: 32768
    Inodes per group: 7968
    Inode size: 256
    Journal blocks: 17922
    Label: data
    Blocks: 1146880
    Block groups: 35
    Reserved block group size: 287
Created filesystem with 11/278880 inodes and 37737/1146880 blocks
Running ['mkuserimg.sh', '-s', '/tmp/tmpkJ6c9u/data', '/tmp/tmpAVs0J0', 'ext4', 'data', '4698144768', '-T', '1230757200', '-L', 'data', '/tmp/targetfiles-eURRlN/META/file_contexts.bin'] command, exit code = 0
   userdata size (14) is 0.00% of limit (4698144768)


++++ extrauserdata ++++




++++ cache ++++


done.
Package OTA: /home/decker/cm-14.1/out/target/product/maxi_lte/cm_maxi_lte-ota-5701cfb94e.zip
unzipping target target-files...
  running:  unzip -o -q /home/decker/cm-14.1/out/target/product/maxi_lte/obj/PACKAGING/target_files_intermediates/cm_maxi_lte-target_files-5701cfb94e.zip -d /tmp/targetfiles-ZQZf1b
--- target info ---
blockimgdiff_versions     = (str) 1,2,3,4
blocksize                 = (int) 131072
boot_size                 = (int) 16777216
build.prop                = (dict) {'ro.setupwizard.enterprise_mode': '1', 'dalvik.vm.isa.arm.variant': 'cortex-a53', 'ro.product.cpu.abilist': 'armeabi-v7a,armeabi', 'ro.url.legal': 'http://www.google.com/intl/%s/mobile/android/basic/phone-legal.html', 'ro.build.product': 'maxi_lte', 'ro.build.id': 'NMF26Q', 'ro.build.version.sdk': '25', 'ro.product.cpu.abilist32': 'armeabi-v7a,armeabi', 'dalvik.vm.isa.arm.features': 'default', 'dalvik.vm.heapmaxfree': '8m', 'cm.updater.uri': 'https://localhost/decker/update-site/master/updates-14.1.json', 'ro.build.fingerprint': 'Tele2/cm_maxi_lte/maxi_lte:7.1.1/NMF26Q/8407619d3f:userdebug/test-keys', 'ro.product.manufacturer': 'Tele2', 'dalvik.vm.isa.arm64.features': 'default', 'ro.build.description': 'cm_maxi_lte-userdebug 7.1.1 NMF26Q 8407619d3f test-keys', 'dalvik.vm.heapstartsize': '8m', 'ro.product.brand': 'Tele2', 'wifi.interface': 'wlan0', 'ro.cm.version': '14.1-20170103-UNOFFICIAL-maxi_lte', 'wifi.direct.interface': 'p2p0', 'ro.cm.build.version.plat.sdk': '7', 'ro.product.model': 'Maxi LTE', 'ro.cmlegal.url': 'https://cyngn.com/legal/privacy-policy', 'dalvik.vm.heapsize': '256m', 'ro.url.legal.android_privacy': 'http://www.google.com/intl/%s/mobile/android/basic/privacy.html', 'dalvik.vm.heaptargetutilization': '0.75', 'ro.kernel.zio': '38,108,105,16', 'ro.build.host': 'decker-i7-desktop', 'ro.com.android.dataroaming': 'false', 'ro.build.version.security_patch': '2016-12-05', 'wifi.tethering.interface': 'ap0', 'media.sf.extractor-plugin': 'libffmpeg_extractor.so', 'ro.product.locale': 'en-US', 'dalvik.vm.heapminfree': '2m', 'ro.board.platform': 'mt6737m', 'ro.product.cpu.abilist64': '', 'ro.expect.recovery_id': '0xb9c0f1de1a5cad9b0248f9b9a6c7eeb1dcc823f4000000000000000000000000', 'ro.camera.sound.forced': '0', 'rild.libpath': 'mtk-ril.so', 'ro.build.flavor': 'cm_maxi_lte-userdebug', 'rild.libargs': '-d /dev/ttyC0', 'persist.sys.timezone ': ' Europe/Moscow', 'ro.build.version.release': '7.1.1', 'ro.build.version.codename': 'REL', 'net.bt.name': 'Android', 'ro.build.type': 'userdebug', 'ro.config.alarm_alert': 'Hassium.ogg', 'ro.opengles.version': '196609', 'ro.mtk_perf_response_time': '1', 'ro.build.display.id': 'cm_maxi_lte-userdebug 7.1.1 NMF26Q 8407619d3f test-keys', 'ro.config.ringtone': 'Orion.ogg', 'ro.mediatek.wlan.p2p': '1', 'ro.mtk_perfservice_support': '1', 'dalvik.vm.stack-trace-file': '/data/anr/traces.txt', 'ro.storage_manager.enabled': 'true', 'ro.carrier': 'unknown', 'ro.product.board': 'mt6737m', 'ro.build.version.preview_sdk': '0', 'ro.com.google.clientidbase': 'android-google', 'ro.cm.build.version.plat.rev': '0', 'ro.build.date': '\xd0\x92\xd1\x82 \xd1\x8f\xd0\xbd\xd0\xb2  3 16:56:50 MSK 2017', 'ro.audio.silent': '0', 'ro.build.date.utc': '1483451810', 'dalvik.vm.isa.arm64.variant': 'cortex-a53', 'keyguard.no_require_sim': 'true', 'ro.build.version.all_codenames': 'REL', 'dalvik.vm.lockprof.threshold': '500', 'ro.build.selinux': '1', 'persist.sys.root_access': '0', 'persist.sys.dalvik.vm.lib.2': 'libart.so', 'ro.product.cpu.abi': 'arm64-v8a', 'debug.hwui.render_dirty_regions': 'false', 'ro.zygote.preload.enable': '0', 'ro.product.name': 'cm_maxi_lte', 'ro.build.version.base_os': '', 'persist.logd.logpersistd': 'logcatd', 'mediatek.wlan.ctia': '0', 'media.sf.omx-plugin': 'libffmpeg_omx.so', 'ro.mediatek.wlan.wsc': '1', 'ro.wifi.channels': '', 'ro.modversion': '14.1-20170103-UNOFFICIAL-maxi_lte', 'ro.build.characteristics': 'default', 'ro.telephony.default_network': '9', 'cm.updater.type': 'plain', 'ro.build.version.incremental': '8407619d3f', 'ro.build.tags': 'test-keys', 'ro.sf.lcd_density': '320', 'ro.com.android.dateformat': 'MM-dd-yyyy', 'ro.cm.releasetype': 'UNOFFICIAL', 'ro.build.user': 'decker', 'ro./home/decker/cm-14.1/build/tools/releasetools/common.py:1211: UserWarning: Duplicate name: 'system/build.prop'
  zip_file.writestr(zinfo, data)
product.device': 'maxi_lte', 'ro.mtk_perf_simple_start_win': '1', 'ro.cm.device': 'maxi_lte', 'ro.cm.display.version': '14.1-20170103-UNOFFICIAL-maxi_lte', 'ro.com.android.wifi-watchlist': 'GoogleGuest', 'dalvik.vm.heapgrowthlimit': '96m', 'persist.sys.dun.override': '0', 'ro.config.notification_sound': 'Argon.ogg'}
cache_size                = (int) 419430400
default_system_dev_certificate = (str) build/target/product/security/testkey
device_type               = (str) MMC
extfs_sparse_flag         = (str) -s
extra_recovery_keys       = (str) vendor/cm/build/target/product/security/cm vendor/cm/build/target/product/security/cm-devkey
fs_type                   = (str) ext4
fstab                     = (dict) {'/sdcard': <common.Partition object at 0x7f9c176ca050>, '/cache': <common.Partition object at 0x7f9c176ca210>, '/boot': <common.Partition object at 0x7f9c176ca390>, '/system': <common.Partition object at 0x7f9c176ca2d0>, '/recovery': <common.Partition object at 0x7f9c176ca150>, '/custom': <common.Partition object at 0x7f9c176ca310>, '/data': <common.Partition object at 0x7f9c176ca250>}
fstab_version             = (int) 2
mkbootimg_args            = (str) --kernel_offset 0x00008000 --ramdisk_offset 0x03f88000 --tags_offset 0x0df88000 --board 1481380826
mkbootimg_version_args    = (str) --os_version 7.1.1 --os_patch_level 2016-12-05
multistage_support        = (str) 1
recovery_api_version      = (int) 3
recovery_as_boot          = (str) 
recovery_mount_options    = (str) ext4=max_batch_time=0,commit=1,data=ordered,barrier=1,errors=panic,nodelalloc
recovery_size             = (int) 16777216
selinux_fc                = (str) /tmp/targetfiles-ZQZf1b/META/file_contexts.bin
squashfs_sparse_flag      = (str) -s
system_size               = (int) 2432696320
tool_extensions           = (str) device/tele2/maxi_lte/../common
update_rename_support     = (str) 1
use_set_metadata          = (str) 1
userdata_size             = (int) 4698144768
unable to load device-specific module; assuming none
using prebuilt recovery.img from IMAGES...
using prebuilt boot.img from IMAGES...
  running:  imgdiff -b /tmp/targetfiles-ZQZf1b/SYSTEM/etc/recovery-resource.dat /tmp/tmp50636f /tmp/tmprUWAz9 /tmp/tmpLonNNV
putting script in bin/install-recovery.sh
   boot size (8609792) is 51.32% of limit (16777216)
  running:  openssl pkcs8 -in build/target/product/security/testkey.pk8 -inform DER -nocrypt
  running:  java -Xmx2048m -Djava.library.path=/home/decker/cm-14.1/out/host/linux-x86/lib64 -jar /home/decker/cm-14.1/out/host/linux-x86/framework/signapk.jar -w build/target/product/security/testkey.x509.pem build/target/product/security/testkey.pk8 /tmp/tmpbL8KHR /home/decker/cm-14.1/out/target/product/maxi_lte/cm_maxi_lte-ota-5701cfb94e.zip
done.
Package Complete: /home/decker/cm-14.1/out/target/product/maxi_lte/cm-14.1-20170103-UNOFFICIAL-maxi_lte.zip

[0;32m#### make completed successfully (06:11 (mm:ss)) ####[00m

